n,d,k,rang,z,sigma,runk,Run 1 cost,Run 2 cost,Run 3 cost,Run 4 cost,Run 5 cost,Run 6 cost,Run 7 cost,Run 8 cost,Run 9 cost,Run 10 cost,Average,av prec,max prec,av recall,max recall
10035,2,10,50,25,1,10,29.92,63.0,22.92,23.0,22.76,22.44,62.0,21.36,22.0,62.48,35.188,0.984909090909091,0.990909090909091,0.9940000000000001,1.0
10035,2,10,50,25,1,11,29.92,63.0,22.92,23.0,22.76,22.44,62.0,21.36,22.0,62.48,35.188,0.9015151515151514,0.9015151515151514,1.0,1.0
10035,2,10,50,25,1,12,29.92,63.0,22.92,23.0,22.76,22.44,62.0,21.36,22.0,62.48,35.188,0.8269230769230769,0.8269230769230769,1.0,1.0
10035,2,10,50,25,1,13,29.92,63.0,22.92,23.0,22.76,22.44,62.0,21.36,22.0,62.48,35.188,0.7637362637362637,0.7637362637362637,1.0,1.0
10035,2,10,50,25,1,14,29.92,63.0,22.92,23.0,22.76,22.44,62.0,21.36,22.0,62.48,35.188,0.7095238095238096,0.7095238095238096,1.0,1.0
10035,15,10,50,25,1,10,63.0,23.0,23.0,63.0,23.0,23.0,23.0,23.0,23.0,23.0,31.0,0.9960000000000001,1.0,0.9960000000000001,1.0
10035,15,10,50,25,1,11,63.0,23.0,23.0,63.0,23.0,23.0,23.0,23.0,23.0,23.0,31.0,0.909090909090909,0.909090909090909,1.0,1.0
10035,15,10,50,25,1,12,63.0,23.0,23.0,63.0,23.0,23.0,23.0,23.0,23.0,23.0,31.0,0.8333333333333333,0.8333333333333333,1.0,1.0
10035,15,10,50,25,1,13,63.0,23.0,23.0,63.0,23.0,23.0,23.0,23.0,23.0,23.0,31.0,0.7692307692307693,0.7692307692307693,1.0,1.0
10035,15,10,50,25,1,14,63.0,23.0,23.0,63.0,23.0,23.0,23.0,23.0,23.0,23.0,31.0,0.7142857142857143,0.7142857142857143,1.0,1.0
10060,2,10,50,50,1,10,47.48,126.92,86.96,46.56,47.08,47.4,127.56,47.84,47.96,87.4,71.316,0.9825454545454546,1.0,0.9879999999999999,1.0
10060,2,10,50,50,1,11,47.48,126.92,86.96,46.56,47.08,47.4,127.56,47.84,47.96,87.4,71.316,0.903030303030303,0.909090909090909,1.0,1.0
10060,2,10,50,50,1,12,47.48,126.92,86.96,46.56,47.08,47.4,127.56,47.84,47.96,87.4,71.316,0.8269230769230769,0.8269230769230769,1.0,1.0
10060,2,10,50,50,1,13,47.48,126.92,86.96,46.56,47.08,47.4,127.56,47.84,47.96,87.4,71.316,0.7681318681318682,0.7692307692307693,1.0,1.0
10060,2,10,50,50,1,14,47.48,126.92,86.96,46.56,47.08,47.4,127.56,47.84,47.96,87.4,71.316,0.7123809523809524,0.7142857142857143,1.0,1.0
10060,15,10,50,50,1,10,48.0,48.0,48.0,48.0,88.0,88.0,48.0,128.0,88.0,48.0,68.0,0.99,1.0,0.99,1.0
10060,15,10,50,50,1,11,48.0,48.0,48.0,48.0,88.0,88.0,48.0,128.0,88.0,48.0,68.0,0.909090909090909,0.909090909090909,1.0,1.0
10060,15,10,50,50,1,12,48.0,48.0,48.0,48.0,88.0,88.0,48.0,128.0,88.0,48.0,68.0,0.8333333333333333,0.8333333333333333,1.0,1.0
10060,15,10,50,50,1,13,48.0,48.0,48.0,48.0,88.0,88.0,48.0,128.0,88.0,48.0,68.0,0.7692307692307693,0.7692307692307693,1.0,1.0
10060,15,10,50,50,1,14,48.0,48.0,48.0,48.0,88.0,88.0,48.0,128.0,88.0,48.0,68.0,0.7142857142857143,0.7142857142857143,1.0,1.0
10110,2,10,50,100,1,10,136.2,137.0,96.04,136.84,216.6,176.52,136.72,97.52,215.92,161.64,151.1,0.9703636363636363,1.0,0.974,1.0
10110,2,10,50,100,1,11,136.2,137.0,96.04,136.84,216.6,176.52,136.72,97.52,215.92,161.64,151.1,0.9057575757575757,0.909090909090909,0.998,1.0
10110,2,10,50,100,1,12,136.2,137.0,96.04,136.84,216.6,176.52,136.72,97.52,215.92,161.64,151.1,0.8307692307692307,0.8333333333333333,1.0,1.0
10110,2,10,50,100,1,13,136.2,137.0,96.04,136.84,216.6,176.52,136.72,97.52,215.92,161.64,151.1,0.7670329670329671,0.7692307692307693,1.0,1.0
10110,2,10,50,100,1,14,136.2,137.0,96.04,136.84,216.6,176.52,136.72,97.52,215.92,161.64,151.1,0.7123809523809524,0.7142857142857143,1.0,1.0
10110,15,10,50,100,1,10,138.0,98.0,138.0,138.0,138.0,258.0,298.0,178.0,178.0,258.0,182.0,0.9639999999999999,1.0,0.9639999999999999,1.0
10110,15,10,50,100,1,11,138.0,98.0,138.0,138.0,138.0,258.0,298.0,178.0,178.0,258.0,182.0,0.9036363636363636,0.909090909090909,0.9940000000000001,1.0
10110,15,10,50,100,1,12,138.0,98.0,138.0,138.0,138.0,258.0,298.0,178.0,178.0,258.0,182.0,0.8333333333333333,0.8333333333333333,1.0,1.0
10110,15,10,50,100,1,13,138.0,98.0,138.0,138.0,138.0,258.0,298.0,178.0,178.0,258.0,182.0,0.7692307692307693,0.7692307692307693,1.0,1.0
10110,15,10,50,100,1,14,138.0,98.0,138.0,138.0,138.0,258.0,298.0,178.0,178.0,258.0,182.0,0.7142857142857143,0.7142857142857143,1.0,1.0
10045,2,20,50,25,1,20,19.94,20.22,19.82,18.82,30.44,29.5,20.32,30.2,20.0,20.5,22.976,0.9950952380952381,1.0,0.9970000000000001,1.0
10045,2,20,50,25,1,21,19.94,20.22,19.82,18.82,30.44,29.5,20.32,30.2,20.0,20.5,22.976,0.9489177489177489,0.9523809523809523,1.0,1.0
10045,2,20,50,25,1,22,19.94,20.22,19.82,18.82,30.44,29.5,20.32,30.2,20.0,20.5,22.976,0.9052042160737811,0.909090909090909,1.0,1.0
10045,2,20,50,25,1,23,19.94,20.22,19.82,18.82,30.44,29.5,20.32,30.2,20.0,20.5,22.976,0.8673913043478262,0.8695652173913044,1.0,1.0
10045,2,20,50,25,1,24,19.94,20.22,19.82,18.82,30.44,29.5,20.32,30.2,20.0,20.5,22.976,0.8306666666666667,0.8333333333333333,1.0,1.0
10045,2,20,50,25,1,25,19.94,20.22,19.82,18.82,30.44,29.5,20.32,30.2,20.0,20.5,22.976,0.7987692307692307,0.7999999999999999,1.0,1.0
10045,2,20,50,25,1,26,19.94,20.22,19.82,18.82,30.44,29.5,20.32,30.2,20.0,20.5,22.976,0.7669922669922671,0.7692307692307693,1.0,1.0
10045,2,20,50,25,1,27,19.94,20.22,19.82,18.82,30.44,29.5,20.32,30.2,20.0,20.5,22.976,0.739153439153439,0.7407407407407406,1.0,1.0
10045,2,20,50,25,1,28,19.94,20.22,19.82,18.82,30.44,29.5,20.32,30.2,20.0,20.5,22.976,0.7133004926108375,0.7142857142857143,1.0,1.0
10045,2,20,50,25,1,29,19.94,20.22,19.82,18.82,30.44,29.5,20.32,30.2,20.0,20.5,22.976,0.6873859844271414,0.6896551724137933,1.0,1.0
10045,15,20,50,25,1,20,50.5,30.5,30.5,50.5,20.5,20.5,40.5,20.5,20.5,30.5,31.5,0.9890000000000001,1.0,0.9890000000000001,1.0
10045,15,20,50,25,1,21,50.5,30.5,30.5,50.5,20.5,20.5,40.5,20.5,20.5,30.5,31.5,0.9523809523809523,0.9523809523809523,1.0,1.0
10045,15,20,50,25,1,22,50.5,30.5,30.5,50.5,20.5,20.5,40.5,20.5,20.5,30.5,31.5,0.909090909090909,0.909090909090909,1.0,1.0
10045,15,20,50,25,1,23,50.5,30.5,30.5,50.5,20.5,20.5,40.5,20.5,20.5,30.5,31.5,0.8695652173913044,0.8695652173913044,1.0,1.0
10045,15,20,50,25,1,24,50.5,30.5,30.5,50.5,20.5,20.5,40.5,20.5,20.5,30.5,31.5,0.8333333333333333,0.8333333333333333,1.0,1.0
10045,15,20,50,25,1,25,50.5,30.5,30.5,50.5,20.5,20.5,40.5,20.5,20.5,30.5,31.5,0.7999999999999999,0.7999999999999999,1.0,1.0
10045,15,20,50,25,1,26,50.5,30.5,30.5,50.5,20.5,20.5,40.5,20.5,20.5,30.5,31.5,0.7692307692307693,0.7692307692307693,1.0,1.0
10045,15,20,50,25,1,27,50.5,30.5,30.5,50.5,20.5,20.5,40.5,20.5,20.5,30.5,31.5,0.7407407407407406,0.7407407407407406,1.0,1.0
10045,15,20,50,25,1,28,50.5,30.5,30.5,50.5,20.5,20.5,40.5,20.5,20.5,30.5,31.5,0.7142857142857143,0.7142857142857143,1.0,1.0
10045,15,20,50,25,1,29,50.5,30.5,30.5,50.5,20.5,20.5,40.5,20.5,20.5,30.5,31.5,0.6896551724137933,0.6896551724137933,1.0,1.0
10070,2,20,50,50,1,20,53.24,53.7,50.94,61.82,54.58,63.52,74.46,65.22,64.34,53.18,59.499999999999986,0.9785151515151516,0.9952380952380953,0.9870000000000001,1.0
10070,2,20,50,50,1,21,53.24,53.7,50.94,61.82,54.58,63.52,74.46,65.22,64.34,53.18,59.499999999999986,0.9435930735930735,0.9523809523809523,0.998,1.0
10070,2,20,50,50,1,22,53.24,53.7,50.94,61.82,54.58,63.52,74.46,65.22,64.34,53.18,59.499999999999986,0.9027667984189722,0.909090909090909,1.0,1.0
10070,2,20,50,50,1,23,53.24,53.7,50.94,61.82,54.58,63.52,74.46,65.22,64.34,53.18,59.499999999999986,0.8623188405797102,0.8695652173913044,1.0,1.0
10070,2,20,50,50,1,24,53.24,53.7,50.94,61.82,54.58,63.52,74.46,65.22,64.34,53.18,59.499999999999986,0.8239999999999998,0.8299999999999998,1.0,1.0
10070,2,20,50,50,1,25,53.24,53.7,50.94,61.82,54.58,63.52,74.46,65.22,64.34,53.18,59.499999999999986,0.792045584045584,0.7999999999999999,1.0,1.0
10070,2,20,50,50,1,26,53.24,53.7,50.94,61.82,54.58,63.52,74.46,65.22,64.34,53.18,59.499999999999986,0.7606837606837606,0.7663817663817664,1.0,1.0
10070,2,20,50,50,1,27,53.24,53.7,50.94,61.82,54.58,63.52,74.46,65.22,64.34,53.18,59.499999999999986,0.7338624338624338,0.7380952380952379,1.0,1.0
10070,2,20,50,50,1,28,53.24,53.7,50.94,61.82,54.58,63.52,74.46,65.22,64.34,53.18,59.499999999999986,0.710344827586207,0.7142857142857143,1.0,1.0
10070,2,20,50,50,1,29,53.24,53.7,50.94,61.82,54.58,63.52,74.46,65.22,64.34,53.18,59.499999999999986,0.682817945865777,0.6873563218390807,1.0,1.0
10070,15,20,50,50,1,20,65.5,55.5,65.5,45.5,45.5,45.5,65.5,55.5,55.5,75.5,57.5,0.9880000000000001,1.0,0.9880000000000001,1.0
10070,15,20,50,50,1,21,65.5,55.5,65.5,45.5,45.5,45.5,65.5,55.5,55.5,75.5,57.5,0.9523809523809523,0.9523809523809523,1.0,1.0
10070,15,20,50,50,1,22,65.5,55.5,65.5,45.5,45.5,45.5,65.5,55.5,55.5,75.5,57.5,0.909090909090909,0.909090909090909,1.0,1.0
10070,15,20,50,50,1,23,65.5,55.5,65.5,45.5,45.5,45.5,65.5,55.5,55.5,75.5,57.5,0.8695652173913044,0.8695652173913044,1.0,1.0
10070,15,20,50,50,1,24,65.5,55.5,65.5,45.5,45.5,45.5,65.5,55.5,55.5,75.5,57.5,0.8333333333333333,0.8333333333333333,1.0,1.0
10070,15,20,50,50,1,25,65.5,55.5,65.5,45.5,45.5,45.5,65.5,55.5,55.5,75.5,57.5,0.7999999999999999,0.7999999999999999,1.0,1.0
10070,15,20,50,50,1,26,65.5,55.5,65.5,45.5,45.5,45.5,65.5,55.5,55.5,75.5,57.5,0.7692307692307693,0.7692307692307693,1.0,1.0
10070,15,20,50,50,1,27,65.5,55.5,65.5,45.5,45.5,45.5,65.5,55.5,55.5,75.5,57.5,0.7407407407407406,0.7407407407407406,1.0,1.0
10070,15,20,50,50,1,28,65.5,55.5,65.5,45.5,45.5,45.5,65.5,55.5,55.5,75.5,57.5,0.7142857142857143,0.7142857142857143,1.0,1.0
10070,15,20,50,50,1,29,65.5,55.5,65.5,45.5,45.5,45.5,65.5,55.5,55.5,75.5,57.5,0.6896551724137933,0.6896551724137933,1.0,1.0
10120,2,20,50,100,1,20,143.76,127.68,153.14,152.72,126.32,111.96,134.2,154.28,122.92,122.08,134.906,0.9576969696969698,0.9904761904761905,0.9780000000000001,1.0
10120,2,20,50,100,1,21,143.76,127.68,153.14,152.72,126.32,111.96,134.2,154.28,122.92,122.08,134.906,0.9225428194993412,0.9393939393939394,0.9879999999999999,1.0
10120,2,20,50,100,1,22,143.76,127.68,153.14,152.72,126.32,111.96,134.2,154.28,122.92,122.08,134.906,0.8896179183135706,0.901185770750988,0.9940000000000001,1.0
10120,2,20,50,100,1,23,143.76,127.68,153.14,152.72,126.32,111.96,134.2,154.28,122.92,122.08,134.906,0.8545730211817171,0.8623188405797102,1.0,1.0
10120,2,20,50,100,1,24,143.76,127.68,153.14,152.72,126.32,111.96,134.2,154.28,122.92,122.08,134.906,0.8233846153846154,0.8299999999999998,1.0,1.0
10120,2,20,50,100,1,25,143.76,127.68,153.14,152.72,126.32,111.96,134.2,154.28,122.92,122.08,134.906,0.7865527065527065,0.7907692307692307,1.0,1.0
10120,2,20,50,100,1,26,143.76,127.68,153.14,152.72,126.32,111.96,134.2,154.28,122.92,122.08,134.906,0.7591329487881211,0.7635327635327636,1.0,1.0
10120,2,20,50,100,1,27,143.76,127.68,153.14,152.72,126.32,111.96,134.2,154.28,122.92,122.08,134.906,0.7308301404853129,0.7354497354497354,1.0,1.0
10120,2,20,50,100,1,28,143.76,127.68,153.14,152.72,126.32,111.96,134.2,154.28,122.92,122.08,134.906,0.7040722495894911,0.7093596059113302,1.0,1.0
10120,2,20,50,100,1,29,143.76,127.68,153.14,152.72,126.32,111.96,134.2,154.28,122.92,122.08,134.906,0.6805190952910642,0.6850574712643679,1.0,1.0
10120,15,20,50,100,1,20,115.5,115.5,135.5,105.5,155.5,115.5,155.5,115.5,155.5,145.5,131.5,0.9760000000000002,1.0,0.9760000000000002,1.0
10120,15,20,50,100,1,21,115.5,115.5,135.5,105.5,155.5,115.5,155.5,115.5,155.5,145.5,131.5,0.9428571428571428,0.9523809523809523,0.99,1.0
10120,15,20,50,100,1,22,115.5,115.5,135.5,105.5,155.5,115.5,155.5,115.5,155.5,145.5,131.5,0.9072727272727272,0.909090909090909,0.998,1.0
10120,15,20,50,100,1,23,115.5,115.5,135.5,105.5,155.5,115.5,155.5,115.5,155.5,145.5,131.5,0.8695652173913044,0.8695652173913044,1.0,1.0
10120,15,20,50,100,1,24,115.5,115.5,135.5,105.5,155.5,115.5,155.5,115.5,155.5,145.5,131.5,0.8333333333333333,0.8333333333333333,1.0,1.0
10120,15,20,50,100,1,25,115.5,115.5,135.5,105.5,155.5,115.5,155.5,115.5,155.5,145.5,131.5,0.7999999999999999,0.7999999999999999,1.0,1.0
10120,15,20,50,100,1,26,115.5,115.5,135.5,105.5,155.5,115.5,155.5,115.5,155.5,145.5,131.5,0.7692307692307693,0.7692307692307693,1.0,1.0
10120,15,20,50,100,1,27,115.5,115.5,135.5,105.5,155.5,115.5,155.5,115.5,155.5,145.5,131.5,0.7407407407407406,0.7407407407407406,1.0,1.0
10120,15,20,50,100,1,28,115.5,115.5,135.5,105.5,155.5,115.5,155.5,115.5,155.5,145.5,131.5,0.7142857142857143,0.7142857142857143,1.0,1.0
10120,15,20,50,100,1,29,115.5,115.5,135.5,105.5,155.5,115.5,155.5,115.5,155.5,145.5,131.5,0.6896551724137933,0.6896551724137933,1.0,1.0
10035,2,10,50,25,5,10,14.64,18.28,31.48,15.72,15.44,15.84,15.76,15.44,43.4,18.16,20.416000000000004,0.8818927738927739,0.9212121212121211,0.998,1.0
10035,2,10,50,25,5,11,14.64,18.28,31.48,15.72,15.44,15.84,15.76,15.44,43.4,18.16,20.416000000000004,0.8037795537795537,0.8356643356643355,1.0,1.0
10035,2,10,50,25,5,12,14.64,18.28,31.48,15.72,15.44,15.84,15.76,15.44,43.4,18.16,20.416000000000004,0.7445054945054945,0.771062271062271,1.0,1.0
10035,2,10,50,25,5,13,14.64,18.28,31.48,15.72,15.44,15.84,15.76,15.44,43.4,18.16,20.416000000000004,0.7016483516483516,0.726007326007326,1.0,1.0
10035,2,10,50,25,5,14,14.64,18.28,31.48,15.72,15.44,15.84,15.76,15.44,43.4,18.16,20.416000000000004,0.6520424836601307,0.6767857142857143,1.0,1.0
10035,15,10,50,25,5,10,63.0,63.0,23.0,23.0,23.0,63.0,23.0,23.0,23.0,23.0,35.0,0.9940000000000001,1.0,0.9940000000000001,1.0
10035,15,10,50,25,5,11,63.0,63.0,23.0,23.0,23.0,63.0,23.0,23.0,23.0,23.0,35.0,0.909090909090909,0.909090909090909,1.0,1.0
10035,15,10,50,25,5,12,63.0,63.0,23.0,23.0,23.0,63.0,23.0,23.0,23.0,23.0,35.0,0.8333333333333333,0.8333333333333333,1.0,1.0
10035,15,10,50,25,5,13,63.0,63.0,23.0,23.0,23.0,63.0,23.0,23.0,23.0,23.0,35.0,0.7692307692307693,0.7692307692307693,1.0,1.0
10035,15,10,50,25,5,14,63.0,63.0,23.0,23.0,23.0,63.0,23.0,23.0,23.0,23.0,35.0,0.7142857142857143,0.7142857142857143,1.0,1.0
10060,2,10,50,50,5,10,74.0,54.2,35.28,32.68,39.6,42.56,41.56,36.04,31.36,32.68,41.996,0.8886293706293706,0.9393939393939392,0.998,1.0
10060,2,10,50,50,5,11,74.0,54.2,35.28,32.68,39.6,42.56,41.56,36.04,31.36,32.68,41.996,0.8143356643356643,0.8444055944055944,1.0,1.0
10060,2,10,50,50,5,12,74.0,54.2,35.28,32.68,39.6,42.56,41.56,36.04,31.36,32.68,41.996,0.7476923076923077,0.7774725274725275,1.0,1.0
10060,2,10,50,50,5,13,74.0,54.2,35.28,32.68,39.6,42.56,41.56,36.04,31.36,32.68,41.996,0.7009890109890111,0.7322344322344323,1.0,1.0
10060,2,10,50,50,5,14,74.0,54.2,35.28,32.68,39.6,42.56,41.56,36.04,31.36,32.68,41.996,0.6519584500466852,0.6689425770308124,1.0,1.0
10060,15,10,50,50,5,10,128.0,48.0,88.0,48.0,48.0,88.0,88.0,88.0,48.0,48.0,72.0,0.9880000000000001,1.0,0.9880000000000001,1.0
10060,15,10,50,50,5,11,128.0,48.0,88.0,48.0,48.0,88.0,88.0,88.0,48.0,48.0,72.0,0.909090909090909,0.909090909090909,1.0,1.0
10060,15,10,50,50,5,12,128.0,48.0,88.0,48.0,48.0,88.0,88.0,88.0,48.0,48.0,72.0,0.8333333333333333,0.8333333333333333,1.0,1.0
10060,15,10,50,50,5,13,128.0,48.0,88.0,48.0,48.0,88.0,88.0,88.0,48.0,48.0,72.0,0.7692307692307693,0.7692307692307693,1.0,1.0
10060,15,10,50,50,5,14,128.0,48.0,88.0,48.0,48.0,88.0,88.0,88.0,48.0,48.0,72.0,0.7142857142857143,0.7142857142857143,1.0,1.0
10110,2,10,50,100,5,10,68.12,70.4,75.6,100.4,104.48,80.76,92.0,66.72,124.24,66.8,84.952,0.9029696969696971,0.9454545454545453,0.994,1.0
10110,2,10,50,100,5,11,68.12,70.4,75.6,100.4,104.48,80.76,92.0,66.72,124.24,66.8,84.952,0.8193473193473192,0.8648018648018647,1.0,1.0
10110,2,10,50,100,5,12,68.12,70.4,75.6,100.4,104.48,80.76,92.0,66.72,124.24,66.8,84.952,0.7673992673992673,0.8076923076923077,1.0,1.0
10110,2,10,50,100,5,13,68.12,70.4,75.6,100.4,104.48,80.76,92.0,66.72,124.24,66.8,84.952,0.7073992673992675,0.7362637362637363,1.0,1.0
10110,2,10,50,100,5,14,68.12,70.4,75.6,100.4,104.48,80.76,92.0,66.72,124.24,66.8,84.952,0.6634523809523809,0.6904761904761906,1.0,1.0
10110,15,10,50,100,5,10,178.0,218.0,218.0,178.0,138.0,98.0,98.0,178.0,258.0,178.0,174.0,0.968,1.0,0.968,1.0
10110,15,10,50,100,5,11,178.0,218.0,218.0,178.0,138.0,98.0,98.0,178.0,258.0,178.0,174.0,0.9054545454545453,0.909090909090909,0.9960000000000001,1.0
10110,15,10,50,100,5,12,178.0,218.0,218.0,178.0,138.0,98.0,98.0,178.0,258.0,178.0,174.0,0.8316666666666667,0.8333333333333333,0.998,1.0
10110,15,10,50,100,5,13,178.0,218.0,218.0,178.0,138.0,98.0,98.0,178.0,258.0,178.0,174.0,0.7692307692307693,0.7692307692307693,1.0,1.0
10110,15,10,50,100,5,14,178.0,218.0,218.0,178.0,138.0,98.0,98.0,178.0,258.0,178.0,174.0,0.7142857142857143,0.7142857142857143,1.0,1.0
10045,2,20,50,25,5,20,6.0,3.64,8.02,6.46,6.32,8.12,5.7,7.38,5.48,6.88,6.4,0.8252384909776215,0.8655881799360061,1.0,1.0
10045,2,20,50,25,5,21,6.0,3.64,8.02,6.46,6.32,8.12,5.7,7.38,5.48,6.88,6.4,0.7821640046887424,0.812089681654899,1.0,1.0
10045,2,20,50,25,5,22,6.0,3.64,8.02,6.46,6.32,8.12,5.7,7.38,5.48,6.88,6.4,0.7648716911385578,0.795617490400099,1.0,1.0
10045,2,20,50,25,5,23,6.0,3.64,8.02,6.46,6.32,8.12,5.7,7.38,5.48,6.88,6.4,0.7319742824637152,0.7679812779812779,1.0,1.0
10045,2,20,50,25,5,24,6.0,3.64,8.02,6.46,6.32,8.12,5.7,7.38,5.48,6.88,6.4,0.7073134204196495,0.7337796303313544,1.0,1.0
10045,2,20,50,25,5,25,6.0,3.64,8.02,6.46,6.32,8.12,5.7,7.38,5.48,6.88,6.4,0.6826020115508435,0.7106213071730314,1.0,1.0
10045,2,20,50,25,5,26,6.0,3.64,8.02,6.46,6.32,8.12,5.7,7.38,5.48,6.88,6.4,0.66272273417631,0.6844897475737299,1.0,1.0
10045,2,20,50,25,5,27,6.0,3.64,8.02,6.46,6.32,8.12,5.7,7.38,5.48,6.88,6.4,0.635313895302281,0.6594817955496488,1.0,1.0
10045,2,20,50,25,5,28,6.0,3.64,8.02,6.46,6.32,8.12,5.7,7.38,5.48,6.88,6.4,0.6206216644813451,0.6446148076987901,1.0,1.0
10045,2,20,50,25,5,29,6.0,3.64,8.02,6.46,6.32,8.12,5.7,7.38,5.48,6.88,6.4,0.6021759544482505,0.6186967602290183,1.0,1.0
10045,15,20,50,25,5,20,30.5,30.5,20.5,20.5,60.5,20.5,30.5,20.5,20.5,20.5,27.5,0.9940000000000001,1.0,0.9940000000000001,1.0
10045,15,20,50,25,5,21,30.5,30.5,20.5,20.5,60.5,20.5,30.5,20.5,20.5,20.5,27.5,0.9523809523809523,0.9523809523809523,1.0,1.0
10045,15,20,50,25,5,22,30.5,30.5,20.5,20.5,60.5,20.5,30.5,20.5,20.5,20.5,27.5,0.908181818181818,0.909090909090909,0.999,1.0
10045,15,20,50,25,5,23,30.5,30.5,20.5,20.5,60.5,20.5,30.5,20.5,20.5,20.5,27.5,0.8695652173913044,0.8695652173913044,1.0,1.0
10045,15,20,50,25,5,24,30.5,30.5,20.5,20.5,60.5,20.5,30.5,20.5,20.5,20.5,27.5,0.8333333333333333,0.8333333333333333,1.0,1.0
10045,15,20,50,25,5,25,30.5,30.5,20.5,20.5,60.5,20.5,30.5,20.5,20.5,20.5,27.5,0.7999999999999999,0.7999999999999999,1.0,1.0
10045,15,20,50,25,5,26,30.5,30.5,20.5,20.5,60.5,20.5,30.5,20.5,20.5,20.5,27.5,0.7692307692307693,0.7692307692307693,1.0,1.0
10045,15,20,50,25,5,27,30.5,30.5,20.5,20.5,60.5,20.5,30.5,20.5,20.5,20.5,27.5,0.7407407407407406,0.7407407407407406,1.0,1.0
10045,15,20,50,25,5,28,30.5,30.5,20.5,20.5,60.5,20.5,30.5,20.5,20.5,20.5,27.5,0.7142857142857143,0.7142857142857143,1.0,1.0
10045,15,20,50,25,5,29,30.5,30.5,20.5,20.5,60.5,20.5,30.5,20.5,20.5,20.5,27.5,0.6896551724137933,0.6896551724137933,1.0,1.0
10070,2,20,50,50,5,20,19.88,16.14,16.24,14.84,15.04,17.08,23.46,17.74,15.24,19.04,17.47,0.799828353222656,0.8350390189520626,1.0,1.0
10070,2,20,50,50,5,21,19.88,16.14,16.24,14.84,15.04,17.08,23.46,17.74,15.24,19.04,17.47,0.7647722426942817,0.8048767496593582,1.0,1.0
10070,2,20,50,50,5,22,19.88,16.14,16.24,14.84,15.04,17.08,23.46,17.74,15.24,19.04,17.47,0.7298370601713204,0.7668376068376068,1.0,1.0
10070,2,20,50,50,5,23,19.88,16.14,16.24,14.84,15.04,17.08,23.46,17.74,15.24,19.04,17.47,0.7145055443053219,0.7424494407253027,1.0,1.0
10070,2,20,50,50,5,24,19.88,16.14,16.24,14.84,15.04,17.08,23.46,17.74,15.24,19.04,17.47,0.6901783697326132,0.7133061064095547,1.0,1.0
10070,2,20,50,50,5,25,19.88,16.14,16.24,14.84,15.04,17.08,23.46,17.74,15.24,19.04,17.47,0.6647782648525304,0.6861933600532044,1.0,1.0
10070,2,20,50,50,5,26,19.88,16.14,16.24,14.84,15.04,17.08,23.46,17.74,15.24,19.04,17.47,0.6464348193519494,0.6675883256528419,1.0,1.0
10070,2,20,50,50,5,27,19.88,16.14,16.24,14.84,15.04,17.08,23.46,17.74,15.24,19.04,17.47,0.6259513626463832,0.6399088212491996,1.0,1.0
10070,2,20,50,50,5,28,19.88,16.14,16.24,14.84,15.04,17.08,23.46,17.74,15.24,19.04,17.47,0.6048749066348688,0.6201871657754011,1.0,1.0
10070,2,20,50,50,5,29,19.88,16.14,16.24,14.84,15.04,17.08,23.46,17.74,15.24,19.04,17.47,0.5882324836357096,0.6125680770842062,1.0,1.0
10070,15,20,50,50,5,20,115.5,55.5,45.5,55.5,45.5,65.5,55.5,65.5,65.5,65.5,63.5,0.9890000000000001,1.0,0.9890000000000001,1.0
10070,15,20,50,50,5,21,115.5,55.5,45.5,55.5,45.5,65.5,55.5,65.5,65.5,65.5,63.5,0.9466666666666667,0.9523809523809523,0.9940000000000001,1.0
10070,15,20,50,50,5,22,115.5,55.5,45.5,55.5,45.5,65.5,55.5,65.5,65.5,65.5,63.5,0.908181818181818,0.909090909090909,0.999,1.0
10070,15,20,50,50,5,23,115.5,55.5,45.5,55.5,45.5,65.5,55.5,65.5,65.5,65.5,63.5,0.8695652173913044,0.8695652173913044,1.0,1.0
10070,15,20,50,50,5,24,115.5,55.5,45.5,55.5,45.5,65.5,55.5,65.5,65.5,65.5,63.5,0.8333333333333333,0.8333333333333333,1.0,1.0
10070,15,20,50,50,5,25,115.5,55.5,45.5,55.5,45.5,65.5,55.5,65.5,65.5,65.5,63.5,0.7999999999999999,0.7999999999999999,1.0,1.0
10070,15,20,50,50,5,26,115.5,55.5,45.5,55.5,45.5,65.5,55.5,65.5,65.5,65.5,63.5,0.7692307692307693,0.7692307692307693,1.0,1.0
10070,15,20,50,50,5,27,115.5,55.5,45.5,55.5,45.5,65.5,55.5,65.5,65.5,65.5,63.5,0.7407407407407406,0.7407407407407406,1.0,1.0
10070,15,20,50,50,5,28,115.5,55.5,45.5,55.5,45.5,65.5,55.5,65.5,65.5,65.5,63.5,0.7142857142857143,0.7142857142857143,1.0,1.0
10070,15,20,50,50,5,29,115.5,55.5,45.5,55.5,45.5,65.5,55.5,65.5,65.5,65.5,63.5,0.6896551724137933,0.6896551724137933,1.0,1.0
10120,2,20,50,100,5,20,34.28,40.52,47.6,39.96,60.8,38.98,40.46,39.92,39.34,50.34,43.220000000000006,0.822244673201195,0.863973273103708,0.999,1.0
10120,2,20,50,100,5,21,34.28,40.52,47.6,39.96,60.8,38.98,40.46,39.92,39.34,50.34,43.220000000000006,0.800318500756282,0.8221960969787057,1.0,1.0
10120,2,20,50,100,5,22,34.28,40.52,47.6,39.96,60.8,38.98,40.46,39.92,39.34,50.34,43.220000000000006,0.7745211752432143,0.8183784331610419,0.999,1.0
10120,2,20,50,100,5,23,34.28,40.52,47.6,39.96,60.8,38.98,40.46,39.92,39.34,50.34,43.220000000000006,0.7417101532340686,0.7768091168091168,1.0,1.0
10120,2,20,50,100,5,24,34.28,40.52,47.6,39.96,60.8,38.98,40.46,39.92,39.34,50.34,43.220000000000006,0.7147122036287775,0.7450176132934754,1.0,1.0
10120,2,20,50,100,5,25,34.28,40.52,47.6,39.96,60.8,38.98,40.46,39.92,39.34,50.34,43.220000000000006,0.6919725813468861,0.7084707695386226,1.0,1.0
10120,2,20,50,100,5,26,34.28,40.52,47.6,39.96,60.8,38.98,40.46,39.92,39.34,50.34,43.220000000000006,0.6677738733272659,0.6932358705439907,1.0,1.0
10120,2,20,50,100,5,27,34.28,40.52,47.6,39.96,60.8,38.98,40.46,39.92,39.34,50.34,43.220000000000006,0.6443939017476608,0.6657831091785485,1.0,1.0
10120,2,20,50,100,5,28,34.28,40.52,47.6,39.96,60.8,38.98,40.46,39.92,39.34,50.34,43.220000000000006,0.6186293471445273,0.6382115749525618,1.0,1.0
10120,2,20,50,100,5,29,34.28,40.52,47.6,39.96,60.8,38.98,40.46,39.92,39.34,50.34,43.220000000000006,0.6050541921082717,0.6215679086884021,1.0,1.0
10120,15,20,50,100,5,20,125.5,115.5,155.5,145.5,145.5,165.5,125.5,115.5,145.5,145.5,138.5,0.9710000000000003,1.0,0.9710000000000003,1.0
10120,15,20,50,100,5,21,125.5,115.5,155.5,145.5,145.5,165.5,125.5,115.5,145.5,145.5,138.5,0.9400000000000001,0.9523809523809523,0.9870000000000001,1.0
10120,15,20,50,100,5,22,125.5,115.5,155.5,145.5,145.5,165.5,125.5,115.5,145.5,145.5,138.5,0.908181818181818,0.909090909090909,0.999,1.0
10120,15,20,50,100,5,23,125.5,115.5,155.5,145.5,145.5,165.5,125.5,115.5,145.5,145.5,138.5,0.8695652173913044,0.8695652173913044,1.0,1.0
10120,15,20,50,100,5,24,125.5,115.5,155.5,145.5,145.5,165.5,125.5,115.5,145.5,145.5,138.5,0.8333333333333333,0.8333333333333333,1.0,1.0
10120,15,20,50,100,5,25,125.5,115.5,155.5,145.5,145.5,165.5,125.5,115.5,145.5,145.5,138.5,0.7999999999999999,0.7999999999999999,1.0,1.0
10120,15,20,50,100,5,26,125.5,115.5,155.5,145.5,145.5,165.5,125.5,115.5,145.5,145.5,138.5,0.7692307692307693,0.7692307692307693,1.0,1.0
10120,15,20,50,100,5,27,125.5,115.5,155.5,145.5,145.5,165.5,125.5,115.5,145.5,145.5,138.5,0.7407407407407406,0.7407407407407406,1.0,1.0
10120,15,20,50,100,5,28,125.5,115.5,155.5,145.5,145.5,165.5,125.5,115.5,145.5,145.5,138.5,0.7142857142857143,0.7142857142857143,1.0,1.0
10120,15,20,50,100,5,29,125.5,115.5,155.5,145.5,145.5,165.5,125.5,115.5,145.5,145.5,138.5,0.6896551724137933,0.6896551724137933,1.0,1.0
10035,2,10,50,25,10,10,2.2,2.28,3.84,3.84,2.2,2.96,2.68,3.4,2.12,4.76,3.028,0.7525041625041625,0.8024475524475525,1.0,1.0
10035,2,10,50,25,10,11,2.2,2.28,3.84,3.84,2.2,2.96,2.68,3.4,2.12,4.76,3.028,0.6991758241758241,0.7443223443223442,1.0,1.0
10035,2,10,50,25,10,12,2.2,2.28,3.84,3.84,2.2,2.96,2.68,3.4,2.12,4.76,3.028,0.6628700711053653,0.6918040293040294,1.0,1.0
10035,2,10,50,25,10,13,2.2,2.28,3.84,3.84,2.2,2.96,2.68,3.4,2.12,4.76,3.028,0.6298062558356676,0.6636904761904762,1.0,1.0
10035,2,10,50,25,10,14,2.2,2.28,3.84,3.84,2.2,2.96,2.68,3.4,2.12,4.76,3.028,0.5845493636050912,0.618545751633987,1.0,1.0
10035,15,10,50,25,10,10,23.0,23.0,23.0,23.0,63.0,63.0,23.0,23.0,23.0,63.0,35.0,0.9940000000000001,1.0,0.9940000000000001,1.0
10035,15,10,50,25,10,11,23.0,23.0,23.0,23.0,63.0,63.0,23.0,23.0,23.0,63.0,35.0,0.909090909090909,0.909090909090909,1.0,1.0
10035,15,10,50,25,10,12,23.0,23.0,23.0,23.0,63.0,63.0,23.0,23.0,23.0,63.0,35.0,0.8333333333333333,0.8333333333333333,1.0,1.0
10035,15,10,50,25,10,13,23.0,23.0,23.0,23.0,63.0,63.0,23.0,23.0,23.0,63.0,35.0,0.7692307692307693,0.7692307692307693,1.0,1.0
10035,15,10,50,25,10,14,23.0,23.0,23.0,23.0,63.0,63.0,23.0,23.0,23.0,63.0,35.0,0.7142857142857143,0.7142857142857143,1.0,1.0
10060,2,10,50,50,10,10,11.12,7.24,8.36,5.68,6.08,3.84,6.8,5.4,7.28,6.2,6.799999999999999,0.742855477855478,0.8054445554445555,1.0,1.0
10060,2,10,50,50,10,11,11.12,7.24,8.36,5.68,6.08,3.84,6.8,5.4,7.28,6.2,6.799999999999999,0.6936667744020685,0.7289835164835166,1.0,1.0
10060,2,10,50,50,10,12,11.12,7.24,8.36,5.68,6.08,3.84,6.8,5.4,7.28,6.2,6.799999999999999,0.6493523306758601,0.6842032967032968,1.0,1.0
10060,2,10,50,50,10,13,11.12,7.24,8.36,5.68,6.08,3.84,6.8,5.4,7.28,6.2,6.799999999999999,0.6011472308221535,0.6301470588235294,1.0,1.0
10060,2,10,50,50,10,14,11.12,7.24,8.36,5.68,6.08,3.84,6.8,5.4,7.28,6.2,6.799999999999999,0.5725902992776057,0.6084150326797386,1.0,1.0
10060,15,10,50,50,10,10,128.0,88.0,88.0,88.0,48.0,48.0,48.0,48.0,88.0,48.0,72.0,0.992,1.0,0.992,1.0
10060,15,10,50,50,10,11,128.0,88.0,88.0,88.0,48.0,48.0,48.0,48.0,88.0,48.0,72.0,0.9054545454545455,0.909090909090909,0.9960000000000001,1.0
10060,15,10,50,50,10,12,128.0,88.0,88.0,88.0,48.0,48.0,48.0,48.0,88.0,48.0,72.0,0.8333333333333333,0.8333333333333333,1.0,1.0
10060,15,10,50,50,10,13,128.0,88.0,88.0,88.0,48.0,48.0,48.0,48.0,88.0,48.0,72.0,0.7692307692307693,0.7692307692307693,1.0,1.0
10060,15,10,50,50,10,14,128.0,88.0,88.0,88.0,48.0,48.0,48.0,48.0,88.0,48.0,72.0,0.7142857142857143,0.7142857142857143,1.0,1.0
10110,2,10,50,100,10,10,16.84,14.76,13.92,17.12,12.72,14.72,19.32,14.48,14.44,11.76,15.008000000000001,0.7626373626373626,0.8076923076923077,1.0,1.0
10110,2,10,50,100,10,11,16.84,14.76,13.92,17.12,12.72,14.72,19.32,14.48,14.44,11.76,15.008000000000001,0.7015842490842491,0.7434065934065934,1.0,1.0
10110,2,10,50,100,10,12,16.84,14.76,13.92,17.12,12.72,14.72,19.32,14.48,14.44,11.76,15.008000000000001,0.6510743912949796,0.6912087912087912,0.998,1.0
10110,2,10,50,100,10,13,16.84,14.76,13.92,17.12,12.72,14.72,19.32,14.48,14.44,11.76,15.008000000000001,0.6141830065359477,0.6426470588235295,1.0,1.0
10110,2,10,50,100,10,14,16.84,14.76,13.92,17.12,12.72,14.72,19.32,14.48,14.44,11.76,15.008000000000001,0.5733144134846921,0.6001633986928104,1.0,1.0
10110,15,10,50,100,10,10,258.0,98.0,258.0,138.0,218.0,138.0,178.0,178.0,178.0,98.0,174.0,0.966,1.0,0.966,1.0
10110,15,10,50,100,10,11,258.0,98.0,258.0,138.0,218.0,138.0,178.0,178.0,178.0,98.0,174.0,0.9054545454545453,0.909090909090909,0.9960000000000001,1.0
10110,15,10,50,100,10,12,258.0,98.0,258.0,138.0,218.0,138.0,178.0,178.0,178.0,98.0,174.0,0.8333333333333333,0.8333333333333333,1.0,1.0
10110,15,10,50,100,10,13,258.0,98.0,258.0,138.0,218.0,138.0,178.0,178.0,178.0,98.0,174.0,0.7692307692307693,0.7692307692307693,1.0,1.0
10110,15,10,50,100,10,14,258.0,98.0,258.0,138.0,218.0,138.0,178.0,178.0,178.0,98.0,174.0,0.7142857142857143,0.7142857142857143,1.0,1.0
10045,2,20,50,25,10,20,0.0,0.0,0.0,0.0,0.0,0.0,0.0,0.0,0.0,0.0,0.0,0.6671528757568801,0.700513209856925,1.0,1.0
10045,2,20,50,25,10,21,0.0,0.0,0.0,0.0,0.0,0.0,0.0,0.0,0.0,0.0,0.0,0.6446960880620829,0.6654079930081043,1.0,1.0
10045,2,20,50,25,10,22,0.0,0.0,0.0,0.0,0.0,0.0,0.0,0.0,0.0,0.0,0.0,0.6244315614808974,0.649731182795699,1.0,1.0
10045,2,20,50,25,10,23,0.0,0.0,0.0,0.0,0.0,0.0,0.0,0.0,0.0,0.0,0.0,0.6083906221335064,0.6272605083088955,1.0,1.0
10045,2,20,50,25,10,24,0.0,0.0,0.0,0.0,0.0,0.0,0.0,0.0,0.0,0.0,0.0,0.587225015128241,0.6030538168346518,1.0,1.0
10045,2,20,50,25,10,25,0.0,0.0,0.0,0.0,0.0,0.0,0.0,0.0,0.0,0.0,0.0,0.5767029412308049,0.593898013750955,1.0,1.0
10045,2,20,50,25,10,26,0.0,0.0,0.0,0.0,0.0,0.0,0.0,0.0,0.0,0.0,0.0,0.5542218532311411,0.5739285825973132,1.0,1.0
10045,2,20,50,25,10,27,0.0,0.0,0.0,0.0,0.0,0.0,0.0,0.0,0.0,0.0,0.0,0.545462229827555,0.5687990511519924,1.0,1.0
10045,2,20,50,25,10,28,0.0,0.0,0.0,0.0,0.0,0.0,0.0,0.0,0.0,0.0,0.0,0.5288384361169983,0.5424439477071055,1.0,1.0
10045,2,20,50,25,10,29,0.0,0.0,0.0,0.0,0.0,0.0,0.0,0.0,0.0,0.0,0.0,0.5170988209499121,0.5336530862846651,1.0,1.0
10045,15,20,50,25,10,20,20.5,40.5,20.5,30.5,20.5,40.5,40.5,20.5,40.5,40.5,31.5,0.9890000000000001,1.0,0.9890000000000001,1.0
10045,15,20,50,25,10,21,20.5,40.5,20.5,30.5,20.5,40.5,40.5,20.5,40.5,40.5,31.5,0.9523809523809523,0.9523809523809523,1.0,1.0
10045,15,20,50,25,10,22,20.5,40.5,20.5,30.5,20.5,40.5,40.5,20.5,40.5,40.5,31.5,0.909090909090909,0.909090909090909,1.0,1.0
10045,15,20,50,25,10,23,20.5,40.5,20.5,30.5,20.5,40.5,40.5,20.5,40.5,40.5,31.5,0.8695652173913044,0.8695652173913044,1.0,1.0
10045,15,20,50,25,10,24,20.5,40.5,20.5,30.5,20.5,40.5,40.5,20.5,40.5,40.5,31.5,0.8333333333333333,0.8333333333333333,1.0,1.0
10045,15,20,50,25,10,25,20.5,40.5,20.5,30.5,20.5,40.5,40.5,20.5,40.5,40.5,31.5,0.7999999999999999,0.7999999999999999,1.0,1.0
10045,15,20,50,25,10,26,20.5,40.5,20.5,30.5,20.5,40.5,40.5,20.5,40.5,40.5,31.5,0.7692307692307693,0.7692307692307693,1.0,1.0
10045,15,20,50,25,10,27,20.5,40.5,20.5,30.5,20.5,40.5,40.5,20.5,40.5,40.5,31.5,0.7407407407407406,0.7407407407407406,1.0,1.0
10045,15,20,50,25,10,28,20.5,40.5,20.5,30.5,20.5,40.5,40.5,20.5,40.5,40.5,31.5,0.7142857142857143,0.7142857142857143,1.0,1.0
10045,15,20,50,25,10,29,20.5,40.5,20.5,30.5,20.5,40.5,40.5,20.5,40.5,40.5,31.5,0.6896551724137933,0.6896551724137933,1.0,1.0
10070,2,20,50,50,10,20,0.0,0.0,0.0,0.0,0.0,0.0,0.0,0.02,0.0,0.0,0.002,0.6765472953487415,0.697555190658639,1.0,1.0
10070,2,20,50,50,10,21,0.0,0.0,0.0,0.0,0.0,0.0,0.0,0.02,0.0,0.0,0.002,0.6517181654742997,0.6741723608241962,1.0,1.0
10070,2,20,50,50,10,22,0.0,0.0,0.0,0.0,0.0,0.0,0.0,0.02,0.0,0.0,0.002,0.6315567009491632,0.6566016112178515,1.0,1.0
10070,2,20,50,50,10,23,0.0,0.0,0.0,0.0,0.0,0.0,0.0,0.02,0.0,0.0,0.002,0.6076491398123276,0.625968173193031,1.0,1.0
10070,2,20,50,50,10,24,0.0,0.0,0.0,0.0,0.0,0.0,0.0,0.02,0.0,0.0,0.002,0.5939413722478238,0.6177800299005234,1.0,1.0
10070,2,20,50,50,10,25,0.0,0.0,0.0,0.0,0.0,0.0,0.0,0.02,0.0,0.0,0.002,0.5791326883354746,0.5960052202699261,1.0,1.0
10070,2,20,50,50,10,26,0.0,0.0,0.0,0.0,0.0,0.0,0.0,0.02,0.0,0.0,0.002,0.5533286908519106,0.5717086834733893,1.0,1.0
10070,2,20,50,50,10,27,0.0,0.0,0.0,0.0,0.0,0.0,0.0,0.02,0.0,0.0,0.002,0.5466154563368185,0.5639294314216914,1.0,1.0
10070,2,20,50,50,10,28,0.0,0.0,0.0,0.0,0.0,0.0,0.0,0.02,0.0,0.0,0.002,0.5294097683571368,0.5467971731129625,1.0,1.0
10070,2,20,50,50,10,29,0.0,0.0,0.0,0.0,0.0,0.0,0.0,0.02,0.0,0.0,0.002,0.5169719991542842,0.536723565670934,1.0,1.0
10070,15,20,50,50,10,20,55.5,55.5,85.5,45.5,75.5,55.5,85.5,45.5,65.5,115.5,68.5,0.9809999999999999,1.0,0.9809999999999999,1.0
10070,15,20,50,50,10,21,55.5,55.5,85.5,45.5,75.5,55.5,85.5,45.5,65.5,115.5,68.5,0.9485714285714286,0.9523809523809523,0.9960000000000001,1.0
10070,15,20,50,50,10,22,55.5,55.5,85.5,45.5,75.5,55.5,85.5,45.5,65.5,115.5,68.5,0.909090909090909,0.909090909090909,1.0,1.0
10070,15,20,50,50,10,23,55.5,55.5,85.5,45.5,75.5,55.5,85.5,45.5,65.5,115.5,68.5,0.8695652173913044,0.8695652173913044,1.0,1.0
10070,15,20,50,50,10,24,55.5,55.5,85.5,45.5,75.5,55.5,85.5,45.5,65.5,115.5,68.5,0.8333333333333333,0.8333333333333333,1.0,1.0
10070,15,20,50,50,10,25,55.5,55.5,85.5,45.5,75.5,55.5,85.5,45.5,65.5,115.5,68.5,0.7999999999999999,0.7999999999999999,1.0,1.0
10070,15,20,50,50,10,26,55.5,55.5,85.5,45.5,75.5,55.5,85.5,45.5,65.5,115.5,68.5,0.7692307692307693,0.7692307692307693,1.0,1.0
10070,15,20,50,50,10,27,55.5,55.5,85.5,45.5,75.5,55.5,85.5,45.5,65.5,115.5,68.5,0.7407407407407406,0.7407407407407406,1.0,1.0
10070,15,20,50,50,10,28,55.5,55.5,85.5,45.5,75.5,55.5,85.5,45.5,65.5,115.5,68.5,0.7142857142857143,0.7142857142857143,1.0,1.0
10070,15,20,50,50,10,29,55.5,55.5,85.5,45.5,75.5,55.5,85.5,45.5,65.5,115.5,68.5,0.6896551724137933,0.6896551724137933,1.0,1.0
10120,2,20,50,100,10,20,0.08,0.0,0.0,0.0,0.02,0.0,0.0,0.0,0.0,0.04,0.014000000000000002,0.6561387111220258,0.6856983950421103,1.0,1.0
10120,2,20,50,100,10,21,0.08,0.0,0.0,0.0,0.02,0.0,0.0,0.0,0.0,0.04,0.014000000000000002,0.6401932132950258,0.6586299592139415,1.0,1.0
10120,2,20,50,100,10,22,0.08,0.0,0.0,0.0,0.02,0.0,0.0,0.0,0.0,0.04,0.014000000000000002,0.6188743767301642,0.6435483870967742,1.0,1.0
10120,2,20,50,100,10,23,0.08,0.0,0.0,0.0,0.02,0.0,0.0,0.0,0.0,0.04,0.014000000000000002,0.5973796722990271,0.6218122879650395,1.0,1.0
10120,2,20,50,100,10,24,0.08,0.0,0.0,0.0,0.02,0.0,0.0,0.0,0.0,0.04,0.014000000000000002,0.5854350391447165,0.6087464164551452,1.0,1.0
10120,2,20,50,100,10,25,0.08,0.0,0.0,0.0,0.02,0.0,0.0,0.0,0.0,0.04,0.014000000000000002,0.5653303141228837,0.581707834649011,1.0,1.0
10120,2,20,50,100,10,26,0.08,0.0,0.0,0.0,0.02,0.0,0.0,0.0,0.0,0.04,0.014000000000000002,0.5505789891548405,0.5655310772957831,1.0,1.0
10120,2,20,50,100,10,27,0.08,0.0,0.0,0.0,0.02,0.0,0.0,0.0,0.0,0.04,0.014000000000000002,0.5372320323124522,0.5590809296691649,1.0,1.0
10120,2,20,50,100,10,28,0.08,0.0,0.0,0.0,0.02,0.0,0.0,0.0,0.0,0.04,0.014000000000000002,0.5219333207009715,0.5365831418462996,1.0,1.0
10120,2,20,50,100,10,29,0.08,0.0,0.0,0.0,0.02,0.0,0.0,0.0,0.0,0.04,0.014000000000000002,0.5091384564041818,0.5239705292336871,1.0,1.0
