n,d,k,rang,z,sigma,runk,Run 1 cost,Run 2 cost,Run 3 cost,Run 4 cost,Run 5 cost,Run 6 cost,Run 7 cost,Run 8 cost,Run 9 cost,Run 10 cost,Average,av prec,max prec,av recall,max recall
10035,2,10,50,25,1,10,4622.4,6423.0,4823.0,6623.0,6422.4,5422.6,5622.4,4222.6,4305.2,5223.0,5370.96,0.4445454545454545,0.4445454545454545,0.45,0.45
10035,2,10,50,25,1,11,4622.4,6423.0,4823.0,6623.0,6422.4,5422.6,5622.4,4222.6,4305.2,5223.0,5370.96,0.36818181818181817,0.36818181818181817,0.41,0.41
10035,2,10,50,25,1,12,4622.4,6423.0,4823.0,6623.0,6422.4,5422.6,5622.4,4222.6,4305.2,5223.0,5370.96,0.425,0.425,0.51,0.51
10035,2,10,50,25,1,13,4622.4,6423.0,4823.0,6623.0,6422.4,5422.6,5622.4,4222.6,4305.2,5223.0,5370.96,0.3615384615384616,0.3615384615384616,0.47000000000000003,0.47000000000000003
10035,2,10,50,25,1,14,4622.4,6423.0,4823.0,6623.0,6422.4,5422.6,5622.4,4222.6,4305.2,5223.0,5370.96,0.3466666666666666,0.3466666666666666,0.48999999999999994,0.48999999999999994
10035,15,10,50,25,1,10,7823.0,4823.0,7023.0,5423.0,6023.0,5023.0,5823.0,6023.0,7023.0,5823.0,6083.0,0.36,0.36,0.36,0.36
10035,15,10,50,25,1,11,7823.0,4823.0,7023.0,5423.0,6023.0,5023.0,5823.0,6023.0,7023.0,5823.0,6083.0,0.31818181818181823,0.31818181818181823,0.35,0.35
10035,15,10,50,25,1,12,7823.0,4823.0,7023.0,5423.0,6023.0,5023.0,5823.0,6023.0,7023.0,5823.0,6083.0,0.35000000000000003,0.35000000000000003,0.42000000000000004,0.42000000000000004
10035,15,10,50,25,1,13,7823.0,4823.0,7023.0,5423.0,6023.0,5023.0,5823.0,6023.0,7023.0,5823.0,6083.0,0.3,0.3,0.38999999999999996,0.38999999999999996
10035,15,10,50,25,1,14,7823.0,4823.0,7023.0,5423.0,6023.0,5023.0,5823.0,6023.0,7023.0,5823.0,6083.0,0.32142857142857145,0.32142857142857145,0.45,0.45
10060,2,10,50,50,1,10,7276.2,6647.0,6648.0,6847.6,6977.4,5573.0,6788.4,7047.8,7447.2,5647.8,6690.040000000001,0.32,0.32,0.32,0.32
10060,2,10,50,50,1,11,7276.2,6647.0,6648.0,6847.6,6977.4,5573.0,6788.4,7047.8,7447.2,5647.8,6690.040000000001,0.28181818181818175,0.28181818181818175,0.30999999999999994,0.30999999999999994
10060,2,10,50,50,1,12,7276.2,6647.0,6648.0,6847.6,6977.4,5573.0,6788.4,7047.8,7447.2,5647.8,6690.040000000001,0.2641025641025641,0.2641025641025641,0.31999999999999995,0.31999999999999995
10060,2,10,50,50,1,13,7276.2,6647.0,6648.0,6847.6,6977.4,5573.0,6788.4,7047.8,7447.2,5647.8,6690.040000000001,0.23846153846153845,0.23846153846153845,0.31,0.31
10060,2,10,50,50,1,14,7276.2,6647.0,6648.0,6847.6,6977.4,5573.0,6788.4,7047.8,7447.2,5647.8,6690.040000000001,0.29285714285714287,0.29285714285714287,0.41,0.41
10060,15,10,50,50,1,10,7648.0,7048.0,7048.0,6848.0,6448.0,5848.0,8248.0,7848.0,8248.0,6248.0,7148.0,0.22000000000000003,0.22000000000000003,0.22000000000000003,0.22000000000000003
10060,15,10,50,50,1,11,7648.0,7048.0,7048.0,6848.0,6448.0,5848.0,8248.0,7848.0,8248.0,6248.0,7148.0,0.2545454545454545,0.2545454545454545,0.2800000000000001,0.2800000000000001
10060,15,10,50,50,1,12,7648.0,7048.0,7048.0,6848.0,6448.0,5848.0,8248.0,7848.0,8248.0,6248.0,7148.0,0.2833333333333333,0.2833333333333333,0.33999999999999997,0.33999999999999997
10060,15,10,50,50,1,13,7648.0,7048.0,7048.0,6848.0,6448.0,5848.0,8248.0,7848.0,8248.0,6248.0,7148.0,0.2230769230769231,0.2230769230769231,0.29000000000000004,0.29000000000000004
10060,15,10,50,50,1,14,7648.0,7048.0,7048.0,6848.0,6448.0,5848.0,8248.0,7848.0,8248.0,6248.0,7148.0,0.22857142857142856,0.22857142857142856,0.32000000000000006,0.32000000000000006
10110,2,10,50,100,1,10,7441.6,8296.4,8096.8,6897.0,7068.2,7559.6,7097.2,8088.4,8260.6,8298.0,7710.38,0.21727272727272728,0.21727272727272728,0.22000000000000006,0.22000000000000006
10110,2,10,50,100,1,11,7441.6,8296.4,8096.8,6897.0,7068.2,7559.6,7097.2,8088.4,8260.6,8298.0,7710.38,0.1727272727272727,0.1727272727272727,0.19000000000000003,0.19000000000000003
10110,2,10,50,100,1,12,7441.6,8296.4,8096.8,6897.0,7068.2,7559.6,7097.2,8088.4,8260.6,8298.0,7710.38,0.21666666666666665,0.21666666666666665,0.26000000000000006,0.26000000000000006
10110,2,10,50,100,1,13,7441.6,8296.4,8096.8,6897.0,7068.2,7559.6,7097.2,8088.4,8260.6,8298.0,7710.38,0.2076923076923077,0.2076923076923077,0.27,0.27
10110,2,10,50,100,1,14,7441.6,8296.4,8096.8,6897.0,7068.2,7559.6,7097.2,8088.4,8260.6,8298.0,7710.38,0.1714285714285714,0.1714285714285714,0.24000000000000005,0.24000000000000005
10110,15,10,50,100,1,10,9098.0,8098.0,7898.0,8098.0,7898.0,9098.0,6698.0,8498.0,6898.0,8298.0,8058.0,0.2,0.2,0.2,0.2
10110,15,10,50,100,1,11,9098.0,8098.0,7898.0,8098.0,7898.0,9098.0,6698.0,8498.0,6898.0,8298.0,8058.0,0.17272727272727273,0.17272727272727273,0.19,0.19
10110,15,10,50,100,1,12,9098.0,8098.0,7898.0,8098.0,7898.0,9098.0,6698.0,8498.0,6898.0,8298.0,8058.0,0.2,0.2,0.24000000000000005,0.24000000000000005
10110,15,10,50,100,1,13,9098.0,8098.0,7898.0,8098.0,7898.0,9098.0,6698.0,8498.0,6898.0,8298.0,8058.0,0.1307692307692308,0.1307692307692308,0.17,0.17
10110,15,10,50,100,1,14,9098.0,8098.0,7898.0,8098.0,7898.0,9098.0,6698.0,8498.0,6898.0,8298.0,8058.0,0.1571428571428571,0.1571428571428571,0.22000000000000003,0.22000000000000003
10045,2,20,50,25,1,20,3770.3,3970.5,3570.2,3697.7,4218.1,3669.7,4397.5,3720.1,4336.1,3538.5,3888.8700000000003,0.505,0.505,0.505,0.505
10045,2,20,50,25,1,21,3770.3,3970.5,3570.2,3697.7,4218.1,3669.7,4397.5,3720.1,4336.1,3538.5,3888.8700000000003,0.5380952380952381,0.5380952380952381,0.5650000000000001,0.5650000000000001
10045,2,20,50,25,1,22,3770.3,3970.5,3570.2,3697.7,4218.1,3669.7,4397.5,3720.1,4336.1,3538.5,3888.8700000000003,0.5090909090909091,0.5090909090909091,0.5599999999999999,0.5599999999999999
10045,2,20,50,25,1,23,3770.3,3970.5,3570.2,3697.7,4218.1,3669.7,4397.5,3720.1,4336.1,3538.5,3888.8700000000003,0.5043478260869565,0.5043478260869565,0.58,0.58
10045,2,20,50,25,1,24,3770.3,3970.5,3570.2,3697.7,4218.1,3669.7,4397.5,3720.1,4336.1,3538.5,3888.8700000000003,0.5,0.5,0.6,0.6
10045,2,20,50,25,1,25,3770.3,3970.5,3570.2,3697.7,4218.1,3669.7,4397.5,3720.1,4336.1,3538.5,3888.8700000000003,0.48584615384615387,0.48584615384615387,0.61,0.61
10045,2,20,50,25,1,26,3770.3,3970.5,3570.2,3697.7,4218.1,3669.7,4397.5,3720.1,4336.1,3538.5,3888.8700000000003,0.5,0.5,0.65,0.65
10045,2,20,50,25,1,27,3770.3,3970.5,3570.2,3697.7,4218.1,3669.7,4397.5,3720.1,4336.1,3538.5,3888.8700000000003,0.4814814814814815,0.4814814814814815,0.6499999999999999,0.6499999999999999
10045,2,20,50,25,1,28,3770.3,3970.5,3570.2,3697.7,4218.1,3669.7,4397.5,3720.1,4336.1,3538.5,3888.8700000000003,0.49642857142857133,0.49642857142857133,0.6950000000000001,0.6950000000000001
10045,2,20,50,25,1,29,3770.3,3970.5,3570.2,3697.7,4218.1,3669.7,4397.5,3720.1,4336.1,3538.5,3888.8700000000003,0.4862068965517242,0.4862068965517242,0.705,0.705
10045,15,20,50,25,1,20,3820.5,4420.5,3920.5,5070.5,3570.5,3520.5,4620.5,4370.5,4020.5,4820.5,4215.5,0.4900000000000001,0.4900000000000001,0.4900000000000001,0.4900000000000001
10045,15,20,50,25,1,21,3820.5,4420.5,3920.5,5070.5,3570.5,3520.5,4620.5,4370.5,4020.5,4820.5,4215.5,0.480952380952381,0.480952380952381,0.505,0.505
10045,15,20,50,25,1,22,3820.5,4420.5,3920.5,5070.5,3570.5,3520.5,4620.5,4370.5,4020.5,4820.5,4215.5,0.4954545454545453,0.4954545454545453,0.545,0.545
10045,15,20,50,25,1,23,3820.5,4420.5,3920.5,5070.5,3570.5,3520.5,4620.5,4370.5,4020.5,4820.5,4215.5,0.4608695652173913,0.4608695652173913,0.53,0.53
10045,15,20,50,25,1,24,3820.5,4420.5,3920.5,5070.5,3570.5,3520.5,4620.5,4370.5,4020.5,4820.5,4215.5,0.4666666666666667,0.4666666666666667,0.5599999999999999,0.5599999999999999
10045,15,20,50,25,1,25,3820.5,4420.5,3920.5,5070.5,3570.5,3520.5,4620.5,4370.5,4020.5,4820.5,4215.5,0.45999999999999996,0.45999999999999996,0.575,0.575
10045,15,20,50,25,1,26,3820.5,4420.5,3920.5,5070.5,3570.5,3520.5,4620.5,4370.5,4020.5,4820.5,4215.5,0.4884615384615384,0.4884615384615384,0.635,0.635
10045,15,20,50,25,1,27,3820.5,4420.5,3920.5,5070.5,3570.5,3520.5,4620.5,4370.5,4020.5,4820.5,4215.5,0.45185185185185184,0.45185185185185184,0.6100000000000001,0.6100000000000001
10045,15,20,50,25,1,28,3820.5,4420.5,3920.5,5070.5,3570.5,3520.5,4620.5,4370.5,4020.5,4820.5,4215.5,0.47857142857142854,0.47857142857142854,0.67,0.67
10045,15,20,50,25,1,29,3820.5,4420.5,3920.5,5070.5,3570.5,3520.5,4620.5,4370.5,4020.5,4820.5,4215.5,0.47241379310344833,0.47241379310344833,0.685,0.685
10070,2,20,50,50,1,20,5896.8,5053.6,5259.4,5277.1,6046.9,5009.3,5478.5,5145.5,5044.4,6169.2,5438.070000000001,0.3480952380952381,0.3480952380952381,0.35000000000000003,0.35000000000000003
10070,2,20,50,50,1,21,5896.8,5053.6,5259.4,5277.1,6046.9,5009.3,5478.5,5145.5,5044.4,6169.2,5438.070000000001,0.3725108225108225,0.3725108225108225,0.395,0.395
10070,2,20,50,50,1,22,5896.8,5053.6,5259.4,5277.1,6046.9,5009.3,5478.5,5145.5,5044.4,6169.2,5438.070000000001,0.3482213438735178,0.3482213438735178,0.38500000000000006,0.38500000000000006
10070,2,20,50,50,1,23,5896.8,5053.6,5259.4,5277.1,6046.9,5009.3,5478.5,5145.5,5044.4,6169.2,5438.070000000001,0.41992753623188406,0.41992753623188406,0.48500000000000004,0.48500000000000004
10070,2,20,50,50,1,24,5896.8,5053.6,5259.4,5277.1,6046.9,5009.3,5478.5,5145.5,5044.4,6169.2,5438.070000000001,0.4041666666666666,0.4041666666666666,0.48500000000000004,0.48500000000000004
10070,2,20,50,50,1,25,5896.8,5053.6,5259.4,5277.1,6046.9,5009.3,5478.5,5145.5,5044.4,6169.2,5438.070000000001,0.376,0.376,0.47000000000000003,0.47000000000000003
10070,2,20,50,50,1,26,5896.8,5053.6,5259.4,5277.1,6046.9,5009.3,5478.5,5145.5,5044.4,6169.2,5438.070000000001,0.38076923076923075,0.38076923076923075,0.495,0.495
10070,2,20,50,50,1,27,5896.8,5053.6,5259.4,5277.1,6046.9,5009.3,5478.5,5145.5,5044.4,6169.2,5438.070000000001,0.3489417989417989,0.3489417989417989,0.4750000000000001,0.4750000000000001
10070,2,20,50,50,1,28,5896.8,5053.6,5259.4,5277.1,6046.9,5009.3,5478.5,5145.5,5044.4,6169.2,5438.070000000001,0.3714285714285714,0.3714285714285714,0.5199999999999999,0.5199999999999999
10070,2,20,50,50,1,29,5896.8,5053.6,5259.4,5277.1,6046.9,5009.3,5478.5,5145.5,5044.4,6169.2,5438.070000000001,0.3916091954022988,0.3916091954022988,0.57,0.57
10070,15,20,50,50,1,20,5895.5,6595.5,7245.5,6145.5,5545.5,5495.5,6195.5,6795.5,6545.5,5445.5,6190.5,0.345,0.345,0.345,0.345
10070,15,20,50,50,1,21,5895.5,6595.5,7245.5,6145.5,5545.5,5495.5,6195.5,6795.5,6545.5,5445.5,6190.5,0.30952380952380953,0.30952380952380953,0.32500000000000007,0.32500000000000007
10070,15,20,50,50,1,22,5895.5,6595.5,7245.5,6145.5,5545.5,5495.5,6195.5,6795.5,6545.5,5445.5,6190.5,0.3409090909090909,0.3409090909090909,0.37499999999999994,0.37499999999999994
10070,15,20,50,50,1,23,5895.5,6595.5,7245.5,6145.5,5545.5,5495.5,6195.5,6795.5,6545.5,5445.5,6190.5,0.32173913043478264,0.32173913043478264,0.37,0.37
10070,15,20,50,50,1,24,5895.5,6595.5,7245.5,6145.5,5545.5,5495.5,6195.5,6795.5,6545.5,5445.5,6190.5,0.30416666666666664,0.30416666666666664,0.365,0.365
10070,15,20,50,50,1,25,5895.5,6595.5,7245.5,6145.5,5545.5,5495.5,6195.5,6795.5,6545.5,5445.5,6190.5,0.32,0.32,0.4,0.4
10070,15,20,50,50,1,26,5895.5,6595.5,7245.5,6145.5,5545.5,5495.5,6195.5,6795.5,6545.5,5445.5,6190.5,0.30769230769230776,0.30769230769230776,0.4,0.4
10070,15,20,50,50,1,27,5895.5,6595.5,7245.5,6145.5,5545.5,5495.5,6195.5,6795.5,6545.5,5445.5,6190.5,0.2925925925925926,0.2925925925925926,0.395,0.395
10070,15,20,50,50,1,28,5895.5,6595.5,7245.5,6145.5,5545.5,5495.5,6195.5,6795.5,6545.5,5445.5,6190.5,0.3107142857142857,0.3107142857142857,0.43500000000000005,0.43500000000000005
10070,15,20,50,50,1,29,5895.5,6595.5,7245.5,6145.5,5545.5,5495.5,6195.5,6795.5,6545.5,5445.5,6190.5,0.30689655172413793,0.30689655172413793,0.445,0.445
10120,2,20,50,100,1,20,7322.1,7339.9,6630.9,7030.1,5970.7,6395.4,7628.4,6724.1,6604.4,7232.8,6887.88,0.26,0.26,0.26,0.26
10120,2,20,50,100,1,21,7322.1,7339.9,6630.9,7030.1,5970.7,6395.4,7628.4,6724.1,6604.4,7232.8,6887.88,0.2461038961038961,0.2461038961038961,0.26,0.26
10120,2,20,50,100,1,22,7322.1,7339.9,6630.9,7030.1,5970.7,6395.4,7628.4,6724.1,6604.4,7232.8,6887.88,0.2697628458498023,0.2697628458498023,0.29999999999999993,0.29999999999999993
10120,2,20,50,100,1,23,7322.1,7339.9,6630.9,7030.1,5970.7,6395.4,7628.4,6724.1,6604.4,7232.8,6887.88,0.2217391304347826,0.2217391304347826,0.255,0.255
10120,2,20,50,100,1,24,7322.1,7339.9,6630.9,7030.1,5970.7,6395.4,7628.4,6724.1,6604.4,7232.8,6887.88,0.2721666666666667,0.2721666666666667,0.32999999999999996,0.32999999999999996
10120,2,20,50,100,1,25,7322.1,7339.9,6630.9,7030.1,5970.7,6395.4,7628.4,6724.1,6604.4,7232.8,6887.88,0.2693846153846154,0.2693846153846154,0.33999999999999997,0.33999999999999997
10120,2,20,50,100,1,26,7322.1,7339.9,6630.9,7030.1,5970.7,6395.4,7628.4,6724.1,6604.4,7232.8,6887.88,0.27692307692307694,0.27692307692307694,0.36,0.36
10120,2,20,50,100,1,27,7322.1,7339.9,6630.9,7030.1,5970.7,6395.4,7628.4,6724.1,6604.4,7232.8,6887.88,0.23214285714285712,0.23214285714285712,0.315,0.315
10120,2,20,50,100,1,28,7322.1,7339.9,6630.9,7030.1,5970.7,6395.4,7628.4,6724.1,6604.4,7232.8,6887.88,0.2571428571428572,0.2571428571428572,0.36,0.36
10120,2,20,50,100,1,29,7322.1,7339.9,6630.9,7030.1,5970.7,6395.4,7628.4,6724.1,6604.4,7232.8,6887.88,0.27057471264367816,0.27057471264367816,0.39499999999999996,0.39499999999999996
10120,15,20,50,100,1,20,8545.5,7745.5,7595.5,8195.5,7495.5,8095.5,7495.5,7995.5,7545.5,7045.5,7775.5,0.195,0.195,0.195,0.195
10120,15,20,50,100,1,21,8545.5,7745.5,7595.5,8195.5,7495.5,8095.5,7495.5,7995.5,7545.5,7045.5,7775.5,0.19047619047619047,0.19047619047619047,0.19999999999999996,0.19999999999999996
10120,15,20,50,100,1,22,8545.5,7745.5,7595.5,8195.5,7495.5,8095.5,7495.5,7995.5,7545.5,7045.5,7775.5,0.22727272727272724,0.22727272727272724,0.25,0.25
10120,15,20,50,100,1,23,8545.5,7745.5,7595.5,8195.5,7495.5,8095.5,7495.5,7995.5,7545.5,7045.5,7775.5,0.17391304347826086,0.17391304347826086,0.19999999999999998,0.19999999999999998
10120,15,20,50,100,1,24,8545.5,7745.5,7595.5,8195.5,7495.5,8095.5,7495.5,7995.5,7545.5,7045.5,7775.5,0.175,0.175,0.21000000000000002,0.21000000000000002
10120,15,20,50,100,1,25,8545.5,7745.5,7595.5,8195.5,7495.5,8095.5,7495.5,7995.5,7545.5,7045.5,7775.5,0.21200000000000002,0.21200000000000002,0.265,0.265
10120,15,20,50,100,1,26,8545.5,7745.5,7595.5,8195.5,7495.5,8095.5,7495.5,7995.5,7545.5,7045.5,7775.5,0.2,0.2,0.26,0.26
10120,15,20,50,100,1,27,8545.5,7745.5,7595.5,8195.5,7495.5,8095.5,7495.5,7995.5,7545.5,7045.5,7775.5,0.19629629629629627,0.19629629629629627,0.265,0.265
10120,15,20,50,100,1,28,8545.5,7745.5,7595.5,8195.5,7495.5,8095.5,7495.5,7995.5,7545.5,7045.5,7775.5,0.15,0.15,0.21000000000000002,0.21000000000000002
10120,15,20,50,100,1,29,8545.5,7745.5,7595.5,8195.5,7495.5,8095.5,7495.5,7995.5,7545.5,7045.5,7775.5,0.18275862068965515,0.18275862068965515,0.265,0.265
10035,2,10,50,25,5,10,2378.6,3145.4,4117.8,3395.6,3200.6,3478.6,2793.4,2302.2,3802.0,2357.0,3097.12,0.5345454545454545,0.5345454545454545,0.5700000000000001,0.5700000000000001
10035,2,10,50,25,5,11,2378.6,3145.4,4117.8,3395.6,3200.6,3478.6,2793.4,2302.2,3802.0,2357.0,3097.12,0.5631118881118882,0.5631118881118882,0.67,0.67
10035,2,10,50,25,5,12,2378.6,3145.4,4117.8,3395.6,3200.6,3478.6,2793.4,2302.2,3802.0,2357.0,3097.12,0.5572344322344323,0.5572344322344323,0.7300000000000001,0.7300000000000001
10035,2,10,50,25,5,13,2378.6,3145.4,4117.8,3395.6,3200.6,3478.6,2793.4,2302.2,3802.0,2357.0,3097.12,0.5089743589743589,0.5089743589743589,0.7,0.7
10035,2,10,50,25,5,14,2378.6,3145.4,4117.8,3395.6,3200.6,3478.6,2793.4,2302.2,3802.0,2357.0,3097.12,0.5268102240896358,0.5268102240896358,0.7900000000000001,0.7900000000000001
10035,15,10,50,25,5,10,6423.0,3823.0,4823.0,7023.0,4623.0,3823.0,5023.0,6023.0,5823.0,4623.0,5203.0,0.37,0.37,0.37,0.37
10035,15,10,50,25,5,11,6423.0,3823.0,4823.0,7023.0,4623.0,3823.0,5023.0,6023.0,5823.0,4623.0,5203.0,0.42727272727272736,0.42727272727272736,0.4699999999999999,0.4699999999999999
10035,15,10,50,25,5,12,6423.0,3823.0,4823.0,7023.0,4623.0,3823.0,5023.0,6023.0,5823.0,4623.0,5203.0,0.4166666666666667,0.4166666666666667,0.5,0.5
10035,15,10,50,25,5,13,6423.0,3823.0,4823.0,7023.0,4623.0,3823.0,5023.0,6023.0,5823.0,4623.0,5203.0,0.4000000000000001,0.4000000000000001,0.52,0.52
10035,15,10,50,25,5,14,6423.0,3823.0,4823.0,7023.0,4623.0,3823.0,5023.0,6023.0,5823.0,4623.0,5203.0,0.3928571428571428,0.3928571428571428,0.55,0.55
10060,2,10,50,50,5,10,4217.4,5556.8,4853.2,4226.8,4484.4,3144.0,3811.8,3923.4,2947.0,4253.2,4141.799999999999,0.4481818181818181,0.4481818181818181,0.48,0.48
10060,2,10,50,50,5,11,4217.4,5556.8,4853.2,4226.8,4484.4,3144.0,3811.8,3923.4,2947.0,4253.2,4141.799999999999,0.4986013986013987,0.4986013986013987,0.5999999999999999,0.5999999999999999
10060,2,10,50,50,5,12,4217.4,5556.8,4853.2,4226.8,4484.4,3144.0,3811.8,3923.4,2947.0,4253.2,4141.799999999999,0.46996336996336996,0.46996336996336996,0.6100000000000001,0.6100000000000001
10060,2,10,50,50,5,13,4217.4,5556.8,4853.2,4226.8,4484.4,3144.0,3811.8,3923.4,2947.0,4253.2,4141.799999999999,0.44663003663003664,0.44663003663003664,0.62,0.62
10060,2,10,50,50,5,14,4217.4,5556.8,4853.2,4226.8,4484.4,3144.0,3811.8,3923.4,2947.0,4253.2,4141.799999999999,0.46851190476190474,0.46851190476190474,0.6900000000000001,0.6900000000000001
10060,15,10,50,50,5,10,7248.0,5648.0,7848.0,6048.0,6648.0,7848.0,7248.0,5448.0,6448.0,7248.0,6768.0,0.31999999999999995,0.31999999999999995,0.31999999999999995,0.31999999999999995
10060,15,10,50,50,5,11,7248.0,5648.0,7848.0,6048.0,6648.0,7848.0,7248.0,5448.0,6448.0,7248.0,6768.0,0.24545454545454545,0.24545454545454545,0.27,0.27
10060,15,10,50,50,5,12,7248.0,5648.0,7848.0,6048.0,6648.0,7848.0,7248.0,5448.0,6448.0,7248.0,6768.0,0.30833333333333335,0.30833333333333335,0.36999999999999994,0.36999999999999994
10060,15,10,50,50,5,13,7248.0,5648.0,7848.0,6048.0,6648.0,7848.0,7248.0,5448.0,6448.0,7248.0,6768.0,0.2692307692307693,0.2692307692307693,0.35,0.35
10060,15,10,50,50,5,14,7248.0,5648.0,7848.0,6048.0,6648.0,7848.0,7248.0,5448.0,6448.0,7248.0,6768.0,0.2357142857142857,0.2357142857142857,0.32999999999999996,0.32999999999999996
10110,2,10,50,100,5,10,4441.4,4819.6,4329.2,4047.8,5369.6,5290.4,3694.6,4291.6,4303.6,5513.0,4610.08,0.41969696969696973,0.41969696969696973,0.45,0.45
10110,2,10,50,100,5,11,4441.4,4819.6,4329.2,4047.8,5369.6,5290.4,3694.6,4291.6,4303.6,5513.0,4610.08,0.3947552447552447,0.3947552447552447,0.4600000000000001,0.4600000000000001
10110,2,10,50,100,5,12,4441.4,4819.6,4329.2,4047.8,5369.6,5290.4,3694.6,4291.6,4303.6,5513.0,4610.08,0.4044871794871795,0.4044871794871795,0.52,0.52
10110,2,10,50,100,5,13,4441.4,4819.6,4329.2,4047.8,5369.6,5290.4,3694.6,4291.6,4303.6,5513.0,4610.08,0.4483150183150183,0.4483150183150183,0.6199999999999999,0.6199999999999999
10110,2,10,50,100,5,14,4441.4,4819.6,4329.2,4047.8,5369.6,5290.4,3694.6,4291.6,4303.6,5513.0,4610.08,0.4247619047619048,0.4247619047619048,0.6199999999999999,0.6199999999999999
10110,15,10,50,100,5,10,7498.0,6498.0,7498.0,7098.0,6498.0,8298.0,7698.0,7698.0,8498.0,6298.0,7358.0,0.25,0.25,0.25,0.25
10110,15,10,50,100,5,11,7498.0,6498.0,7498.0,7098.0,6498.0,8298.0,7698.0,7698.0,8498.0,6298.0,7358.0,0.2272727272727273,0.2272727272727273,0.25,0.25
10110,15,10,50,100,5,12,7498.0,6498.0,7498.0,7098.0,6498.0,8298.0,7698.0,7698.0,8498.0,6298.0,7358.0,0.25,0.25,0.3,0.3
10110,15,10,50,100,5,13,7498.0,6498.0,7498.0,7098.0,6498.0,8298.0,7698.0,7698.0,8498.0,6298.0,7358.0,0.1769230769230769,0.1769230769230769,0.23000000000000004,0.23000000000000004
10110,15,10,50,100,5,14,7498.0,6498.0,7498.0,7098.0,6498.0,8298.0,7698.0,7698.0,8498.0,6298.0,7358.0,0.24285714285714283,0.24285714285714283,0.34,0.34
10045,2,20,50,25,5,20,516.8,253.6,711.3,670.5,362.9,404.0,288.1,537.4,273.4,702.6,472.06000000000006,0.7611958910654563,0.7611958910654563,0.8800000000000001,0.8800000000000001
10045,2,20,50,25,5,21,516.8,253.6,711.3,670.5,362.9,404.0,288.1,537.4,273.4,702.6,472.06000000000006,0.7540531400966183,0.7540531400966183,0.915,0.915
10045,2,20,50,25,5,22,516.8,253.6,711.3,670.5,362.9,404.0,288.1,537.4,273.4,702.6,472.06000000000006,0.7461205694466563,0.7461205694466563,0.9349999999999999,0.9349999999999999
10045,2,20,50,25,5,23,516.8,253.6,711.3,670.5,362.9,404.0,288.1,537.4,273.4,702.6,472.06000000000006,0.7414124949124948,0.7414124949124948,0.9550000000000001,0.9550000000000001
10045,2,20,50,25,5,24,516.8,253.6,711.3,670.5,362.9,404.0,288.1,537.4,273.4,702.6,472.06000000000006,0.7127275342792583,0.7127275342792583,0.975,0.975
10045,2,20,50,25,5,25,516.8,253.6,711.3,670.5,362.9,404.0,288.1,537.4,273.4,702.6,472.06000000000006,0.6821930304688925,0.6821930304688925,0.9850000000000001,0.9850000000000001
10045,2,20,50,25,5,26,516.8,253.6,711.3,670.5,362.9,404.0,288.1,537.4,273.4,702.6,472.06000000000006,0.6702792197091418,0.6702792197091418,0.9949999999999999,0.9949999999999999
10045,2,20,50,25,5,27,516.8,253.6,711.3,670.5,362.9,404.0,288.1,537.4,273.4,702.6,472.06000000000006,0.6618845976048424,0.6618845976048424,0.9899999999999999,0.9899999999999999
10045,2,20,50,25,5,28,516.8,253.6,711.3,670.5,362.9,404.0,288.1,537.4,273.4,702.6,472.06000000000006,0.6324305484151391,0.6324305484151391,0.9949999999999999,0.9949999999999999
10045,2,20,50,25,5,29,516.8,253.6,711.3,670.5,362.9,404.0,288.1,537.4,273.4,702.6,472.06000000000006,0.6206718513407318,0.6206718513407318,1.0,1.0
10045,15,20,50,25,5,20,4220.5,3270.5,2920.5,4070.5,4220.5,3120.5,4420.5,3320.5,3320.5,3770.5,3665.5,0.525,0.525,0.525,0.525
10045,15,20,50,25,5,21,4220.5,3270.5,2920.5,4070.5,4220.5,3120.5,4420.5,3320.5,3320.5,3770.5,3665.5,0.5428571428571429,0.5428571428571429,0.57,0.57
10045,15,20,50,25,5,22,4220.5,3270.5,2920.5,4070.5,4220.5,3120.5,4420.5,3320.5,3320.5,3770.5,3665.5,0.5272727272727273,0.5272727272727273,0.58,0.58
10045,15,20,50,25,5,23,4220.5,3270.5,2920.5,4070.5,4220.5,3120.5,4420.5,3320.5,3320.5,3770.5,3665.5,0.5347826086956522,0.5347826086956522,0.615,0.615
10045,15,20,50,25,5,24,4220.5,3270.5,2920.5,4070.5,4220.5,3120.5,4420.5,3320.5,3320.5,3770.5,3665.5,0.5083333333333334,0.5083333333333334,0.6100000000000001,0.6100000000000001
10045,15,20,50,25,5,25,4220.5,3270.5,2920.5,4070.5,4220.5,3120.5,4420.5,3320.5,3320.5,3770.5,3665.5,0.5040000000000001,0.5040000000000001,0.6300000000000001,0.6300000000000001
10045,15,20,50,25,5,26,4220.5,3270.5,2920.5,4070.5,4220.5,3120.5,4420.5,3320.5,3320.5,3770.5,3665.5,0.5115384615384615,0.5115384615384615,0.6649999999999999,0.6649999999999999
10045,15,20,50,25,5,27,4220.5,3270.5,2920.5,4070.5,4220.5,3120.5,4420.5,3320.5,3320.5,3770.5,3665.5,0.5222222222222221,0.5222222222222221,0.7050000000000001,0.7050000000000001
10045,15,20,50,25,5,28,4220.5,3270.5,2920.5,4070.5,4220.5,3120.5,4420.5,3320.5,3320.5,3770.5,3665.5,0.5107142857142857,0.5107142857142857,0.7150000000000001,0.7150000000000001
10045,15,20,50,25,5,29,4220.5,3270.5,2920.5,4070.5,4220.5,3120.5,4420.5,3320.5,3320.5,3770.5,3665.5,0.5103448275862068,0.5103448275862068,0.74,0.74
10070,2,20,50,50,5,20,824.0,744.2,839.1,1325.4,1019.1,853.7,774.7,1375.1,1022.3,1179.9,995.7499999999998,0.7055286090720874,0.7055286090720874,0.82,0.82
10070,2,20,50,50,5,21,824.0,744.2,839.1,1325.4,1019.1,853.7,774.7,1375.1,1022.3,1179.9,995.7499999999998,0.6761112406112406,0.6761112406112406,0.8200000000000001,0.8200000000000001
10070,2,20,50,50,5,22,824.0,744.2,839.1,1325.4,1019.1,853.7,774.7,1375.1,1022.3,1179.9,995.7499999999998,0.6802156482808657,0.6802156482808657,0.8799999999999999,0.8799999999999999
10070,2,20,50,50,5,23,824.0,744.2,839.1,1325.4,1019.1,853.7,774.7,1375.1,1022.3,1179.9,995.7499999999998,0.6849435392194012,0.6849435392194012,0.9200000000000002,0.9200000000000002
10070,2,20,50,50,5,24,824.0,744.2,839.1,1325.4,1019.1,853.7,774.7,1375.1,1022.3,1179.9,995.7499999999998,0.6589645348266038,0.6589645348266038,0.915,0.915
10070,2,20,50,50,5,25,824.0,744.2,839.1,1325.4,1019.1,853.7,774.7,1375.1,1022.3,1179.9,995.7499999999998,0.6456380693421849,0.6456380693421849,0.9400000000000001,0.9400000000000001
10070,2,20,50,50,5,26,824.0,744.2,839.1,1325.4,1019.1,853.7,774.7,1375.1,1022.3,1179.9,995.7499999999998,0.6264828996114574,0.6264828996114574,0.9400000000000001,0.9400000000000001
10070,2,20,50,50,5,27,824.0,744.2,839.1,1325.4,1019.1,853.7,774.7,1375.1,1022.3,1179.9,995.7499999999998,0.6275959188660802,0.6275959188660802,0.9550000000000001,0.9550000000000001
10070,2,20,50,50,5,28,824.0,744.2,839.1,1325.4,1019.1,853.7,774.7,1375.1,1022.3,1179.9,995.7499999999998,0.6087671065493646,0.6087671065493646,0.9700000000000001,0.9700000000000001
10070,2,20,50,50,5,29,824.0,744.2,839.1,1325.4,1019.1,853.7,774.7,1375.1,1022.3,1179.9,995.7499999999998,0.5984989177766693,0.5984989177766693,0.9800000000000001,0.9800000000000001
10070,15,20,50,50,5,20,6395.5,4645.5,6095.5,6095.5,6695.5,4845.5,6645.5,5895.5,5895.5,5745.5,5895.5,0.37000000000000005,0.37000000000000005,0.37000000000000005,0.37000000000000005
10070,15,20,50,50,5,21,6395.5,4645.5,6095.5,6095.5,6695.5,4845.5,6645.5,5895.5,5895.5,5745.5,5895.5,0.3238095238095238,0.3238095238095238,0.34,0.34
10070,15,20,50,50,5,22,6395.5,4645.5,6095.5,6095.5,6695.5,4845.5,6645.5,5895.5,5895.5,5745.5,5895.5,0.3545454545454546,0.3545454545454546,0.39,0.39
10070,15,20,50,50,5,23,6395.5,4645.5,6095.5,6095.5,6695.5,4845.5,6645.5,5895.5,5895.5,5745.5,5895.5,0.3478260869565218,0.3478260869565218,0.39999999999999997,0.39999999999999997
10070,15,20,50,50,5,24,6395.5,4645.5,6095.5,6095.5,6695.5,4845.5,6645.5,5895.5,5895.5,5745.5,5895.5,0.35833333333333334,0.35833333333333334,0.43,0.43
10070,15,20,50,50,5,25,6395.5,4645.5,6095.5,6095.5,6695.5,4845.5,6645.5,5895.5,5895.5,5745.5,5895.5,0.32399999999999995,0.32399999999999995,0.40499999999999997,0.40499999999999997
10070,15,20,50,50,5,26,6395.5,4645.5,6095.5,6095.5,6695.5,4845.5,6645.5,5895.5,5895.5,5745.5,5895.5,0.326923076923077,0.326923076923077,0.425,0.425
10070,15,20,50,50,5,27,6395.5,4645.5,6095.5,6095.5,6695.5,4845.5,6645.5,5895.5,5895.5,5745.5,5895.5,0.3481481481481481,0.3481481481481481,0.4699999999999999,0.4699999999999999
10070,15,20,50,50,5,28,6395.5,4645.5,6095.5,6095.5,6695.5,4845.5,6645.5,5895.5,5895.5,5745.5,5895.5,0.32857142857142857,0.32857142857142857,0.45999999999999996,0.45999999999999996
10070,15,20,50,50,5,29,6395.5,4645.5,6095.5,6095.5,6695.5,4845.5,6645.5,5895.5,5895.5,5745.5,5895.5,0.31724137931034485,0.31724137931034485,0.45999999999999996,0.45999999999999996
10120,2,20,50,100,5,20,1824.5,2512.5,1829.3,1561.9,2368.2,1661.1,1722.8,2098.2,1646.5,1637.5,1886.25,0.6181611142480706,0.6181611142480706,0.6950000000000001,0.6950000000000001
10120,2,20,50,100,5,21,1824.5,2512.5,1829.3,1561.9,2368.2,1661.1,1722.8,2098.2,1646.5,1637.5,1886.25,0.5843720538720538,0.5843720538720538,0.6950000000000001,0.6950000000000001
10120,2,20,50,100,5,22,1824.5,2512.5,1829.3,1561.9,2368.2,1661.1,1722.8,2098.2,1646.5,1637.5,1886.25,0.6038962325918849,0.6038962325918849,0.76,0.76
10120,2,20,50,100,5,23,1824.5,2512.5,1829.3,1561.9,2368.2,1661.1,1722.8,2098.2,1646.5,1637.5,1886.25,0.5801397481967198,0.5801397481967198,0.745,0.745
10120,2,20,50,100,5,24,1824.5,2512.5,1829.3,1561.9,2368.2,1661.1,1722.8,2098.2,1646.5,1637.5,1886.25,0.5862535612535613,0.5862535612535613,0.795,0.795
10120,2,20,50,100,5,25,1824.5,2512.5,1829.3,1561.9,2368.2,1661.1,1722.8,2098.2,1646.5,1637.5,1886.25,0.5740564041898858,0.5740564041898858,0.82,0.82
10120,2,20,50,100,5,26,1824.5,2512.5,1829.3,1561.9,2368.2,1661.1,1722.8,2098.2,1646.5,1637.5,1886.25,0.5889422697765301,0.5889422697765301,0.8600000000000001,0.8600000000000001
10120,2,20,50,100,5,27,1824.5,2512.5,1829.3,1561.9,2368.2,1661.1,1722.8,2098.2,1646.5,1637.5,1886.25,0.5616347498904506,0.5616347498904506,0.8550000000000001,0.8550000000000001
10120,2,20,50,100,5,28,1824.5,2512.5,1829.3,1561.9,2368.2,1661.1,1722.8,2098.2,1646.5,1637.5,1886.25,0.587100439882698,0.587100439882698,0.925,0.925
10120,2,20,50,100,5,29,1824.5,2512.5,1829.3,1561.9,2368.2,1661.1,1722.8,2098.2,1646.5,1637.5,1886.25,0.5694626530964292,0.5694626530964292,0.9199999999999999,0.9199999999999999
10120,15,20,50,100,5,20,7095.5,7695.5,7845.5,5445.5,5145.5,7495.5,7745.5,6945.5,6945.5,6595.5,6895.5,0.305,0.305,0.305,0.305
10120,15,20,50,100,5,21,7095.5,7695.5,7845.5,5445.5,5145.5,7495.5,7745.5,6945.5,6945.5,6595.5,6895.5,0.2857142857142857,0.2857142857142857,0.29999999999999993,0.29999999999999993
10120,15,20,50,100,5,22,7095.5,7695.5,7845.5,5445.5,5145.5,7495.5,7745.5,6945.5,6945.5,6595.5,6895.5,0.26363636363636367,0.26363636363636367,0.29,0.29
10120,15,20,50,100,5,23,7095.5,7695.5,7845.5,5445.5,5145.5,7495.5,7745.5,6945.5,6945.5,6595.5,6895.5,0.2478260869565217,0.2478260869565217,0.28500000000000003,0.28500000000000003
10120,15,20,50,100,5,24,7095.5,7695.5,7845.5,5445.5,5145.5,7495.5,7745.5,6945.5,6945.5,6595.5,6895.5,0.2833333333333333,0.2833333333333333,0.33999999999999997,0.33999999999999997
10120,15,20,50,100,5,25,7095.5,7695.5,7845.5,5445.5,5145.5,7495.5,7745.5,6945.5,6945.5,6595.5,6895.5,0.292,0.292,0.365,0.365
10120,15,20,50,100,5,26,7095.5,7695.5,7845.5,5445.5,5145.5,7495.5,7745.5,6945.5,6945.5,6595.5,6895.5,0.22692307692307692,0.22692307692307692,0.295,0.295
10120,15,20,50,100,5,27,7095.5,7695.5,7845.5,5445.5,5145.5,7495.5,7745.5,6945.5,6945.5,6595.5,6895.5,0.25555555555555554,0.25555555555555554,0.345,0.345
10120,15,20,50,100,5,28,7095.5,7695.5,7845.5,5445.5,5145.5,7495.5,7745.5,6945.5,6945.5,6595.5,6895.5,0.24642857142857144,0.24642857142857144,0.345,0.345
10120,15,20,50,100,5,29,7095.5,7695.5,7845.5,5445.5,5145.5,7495.5,7745.5,6945.5,6945.5,6595.5,6895.5,0.22758620689655168,0.22758620689655168,0.32999999999999996,0.32999999999999996
10035,2,10,50,25,10,10,151.8,158.0,216.2,357.8,303.6,336.6,272.8,263.4,471.2,198.0,272.93999999999994,0.7668248418248418,0.7668248418248418,0.9700000000000001,0.9700000000000001
10035,2,10,50,25,10,11,151.8,158.0,216.2,357.8,303.6,336.6,272.8,263.4,471.2,198.0,272.93999999999994,0.7362637362637363,0.7362637362637363,1.0,1.0
10035,2,10,50,25,10,12,151.8,158.0,216.2,357.8,303.6,336.6,272.8,263.4,471.2,198.0,272.93999999999994,0.683470695970696,0.683470695970696,0.99,0.99
10035,2,10,50,25,10,13,151.8,158.0,216.2,357.8,303.6,336.6,272.8,263.4,471.2,198.0,272.93999999999994,0.6427521008403362,0.6427521008403362,1.0,1.0
10035,2,10,50,25,10,14,151.8,158.0,216.2,357.8,303.6,336.6,272.8,263.4,471.2,198.0,272.93999999999994,0.615359477124183,0.615359477124183,1.0,1.0
10035,15,10,50,25,10,10,5823.0,4023.0,4023.0,3823.0,5223.0,3823.0,5423.0,5823.0,6023.0,6023.0,5003.0,0.5000000000000001,0.5000000000000001,0.5000000000000001,0.5000000000000001
10035,15,10,50,25,10,11,5823.0,4023.0,4023.0,3823.0,5223.0,3823.0,5423.0,5823.0,6023.0,6023.0,5003.0,0.40909090909090906,0.40909090909090906,0.45,0.45
10035,15,10,50,25,10,12,5823.0,4023.0,4023.0,3823.0,5223.0,3823.0,5423.0,5823.0,6023.0,6023.0,5003.0,0.4,0.4,0.4800000000000001,0.4800000000000001
10035,15,10,50,25,10,13,5823.0,4023.0,4023.0,3823.0,5223.0,3823.0,5423.0,5823.0,6023.0,6023.0,5003.0,0.4153846153846154,0.4153846153846154,0.54,0.54
10035,15,10,50,25,10,14,5823.0,4023.0,4023.0,3823.0,5223.0,3823.0,5423.0,5823.0,6023.0,6023.0,5003.0,0.3857142857142856,0.3857142857142856,0.54,0.54
10060,2,10,50,50,10,10,613.4,527.4,357.0,539.6,205.6,384.6,192.2,504.0,347.8,542.8,421.43999999999994,0.6940642690642692,0.6940642690642692,0.9000000000000001,0.9000000000000001
10060,2,10,50,50,10,11,613.4,527.4,357.0,539.6,205.6,384.6,192.2,504.0,347.8,542.8,421.43999999999994,0.7015567765567765,0.7015567765567765,0.9400000000000001,0.9400000000000001
10060,2,10,50,50,10,12,613.4,527.4,357.0,539.6,205.6,384.6,192.2,504.0,347.8,542.8,421.43999999999994,0.6707606119370826,0.6707606119370826,1.0,1.0
10060,2,10,50,50,10,13,613.4,527.4,357.0,539.6,205.6,384.6,192.2,504.0,347.8,542.8,421.43999999999994,0.6178338001867415,0.6178338001867415,1.0,1.0
10060,2,10,50,50,10,14,613.4,527.4,357.0,539.6,205.6,384.6,192.2,504.0,347.8,542.8,421.43999999999994,0.6014705882352941,0.6014705882352941,1.0,1.0
10060,15,10,50,50,10,10,4048.0,7848.0,5448.0,6848.0,5648.0,5248.0,6448.0,6048.0,5648.0,7448.0,6068.0,0.29,0.29,0.29,0.29
10060,15,10,50,50,10,11,4048.0,7848.0,5448.0,6848.0,5648.0,5248.0,6448.0,6048.0,5648.0,7448.0,6068.0,0.3363636363636363,0.3363636363636363,0.37,0.37
10060,15,10,50,50,10,12,4048.0,7848.0,5448.0,6848.0,5648.0,5248.0,6448.0,6048.0,5648.0,7448.0,6068.0,0.325,0.325,0.39,0.39
10060,15,10,50,50,10,13,4048.0,7848.0,5448.0,6848.0,5648.0,5248.0,6448.0,6048.0,5648.0,7448.0,6068.0,0.38461538461538464,0.38461538461538464,0.5,0.5
10060,15,10,50,50,10,14,4048.0,7848.0,5448.0,6848.0,5648.0,5248.0,6448.0,6048.0,5648.0,7448.0,6068.0,0.31428571428571433,0.31428571428571433,0.43999999999999995,0.43999999999999995
10110,2,10,50,100,10,10,480.4,1022.6,567.4,591.8,596.6,986.0,915.8,526.8,363.0,456.6,650.7,0.6754495504495505,0.6754495504495505,0.8600000000000001,0.8600000000000001
10110,2,10,50,100,10,11,480.4,1022.6,567.4,591.8,596.6,986.0,915.8,526.8,363.0,456.6,650.7,0.6733516483516484,0.6733516483516484,0.9400000000000001,0.9400000000000001
10110,2,10,50,100,10,12,480.4,1022.6,567.4,591.8,596.6,986.0,915.8,526.8,363.0,456.6,650.7,0.6344922969187674,0.6344922969187674,0.9800000000000001,0.9800000000000001
10110,2,10,50,100,10,13,480.4,1022.6,567.4,591.8,596.6,986.0,915.8,526.8,363.0,456.6,650.7,0.5836192810457517,0.5836192810457517,0.95,0.95
10110,2,10,50,100,10,14,480.4,1022.6,567.4,591.8,596.6,986.0,915.8,526.8,363.0,456.6,650.7,0.5865368077055384,0.5865368077055384,1.0,1.0
10110,15,10,50,100,10,10,7298.0,8298.0,7698.0,6698.0,7498.0,7698.0,6098.0,5898.0,7098.0,8098.0,7238.0,0.22000000000000003,0.22000000000000003,0.22000000000000003,0.22000000000000003
10110,15,10,50,100,10,11,7298.0,8298.0,7698.0,6698.0,7498.0,7698.0,6098.0,5898.0,7098.0,8098.0,7238.0,0.26363636363636367,0.26363636363636367,0.2899999999999999,0.2899999999999999
10110,15,10,50,100,10,12,7298.0,8298.0,7698.0,6698.0,7498.0,7698.0,6098.0,5898.0,7098.0,8098.0,7238.0,0.21666666666666665,0.21666666666666665,0.26,0.26
10110,15,10,50,100,10,13,7298.0,8298.0,7698.0,6698.0,7498.0,7698.0,6098.0,5898.0,7098.0,8098.0,7238.0,0.24615384615384617,0.24615384615384617,0.32,0.32
10110,15,10,50,100,10,14,7298.0,8298.0,7698.0,6698.0,7498.0,7698.0,6098.0,5898.0,7098.0,8098.0,7238.0,0.24285714285714283,0.24285714285714283,0.33999999999999997,0.33999999999999997
10045,2,20,50,25,10,20,0.0,0.0,0.0,0.0,0.0,0.0,0.0,0.0,0.0,0.0,0.0,0.6984519950037191,0.6984519950037191,1.0,1.0
10045,2,20,50,25,10,21,0.0,0.0,0.0,0.0,0.0,0.0,0.0,0.0,0.0,0.0,0.0,0.6766215106732348,0.6766215106732348,1.0,1.0
10045,2,20,50,25,10,22,0.0,0.0,0.0,0.0,0.0,0.0,0.0,0.0,0.0,0.0,0.0,0.6382606986570541,0.6382606986570541,1.0,1.0
10045,2,20,50,25,10,23,0.0,0.0,0.0,0.0,0.0,0.0,0.0,0.0,0.0,0.0,0.0,0.6162540969466966,0.6162540969466966,1.0,1.0
10045,2,20,50,25,10,24,0.0,0.0,0.0,0.0,0.0,0.0,0.0,0.0,0.0,0.0,0.0,0.6162540969466966,0.6162540969466966,1.0,1.0
10045,2,20,50,25,10,25,0.0,0.0,0.0,0.0,0.0,0.0,0.0,0.0,0.0,0.0,0.0,0.5992551566080978,0.5992551566080978,1.0,1.0
10045,2,20,50,25,10,26,0.0,0.0,0.0,0.0,0.0,0.0,0.0,0.0,0.0,0.0,0.0,0.5855795348442406,0.5855795348442406,1.0,1.0
10045,2,20,50,25,10,27,0.0,0.0,0.0,0.0,0.0,0.0,0.0,0.0,0.0,0.0,0.0,0.5546697958462664,0.5546697958462664,1.0,1.0
10045,2,20,50,25,10,28,0.0,0.0,0.0,0.0,0.0,0.0,0.0,0.0,0.0,0.0,0.0,0.5421210684368578,0.5421210684368578,1.0,1.0
10045,2,20,50,25,10,29,0.0,0.0,0.0,0.0,0.0,0.0,0.0,0.0,0.0,0.0,0.0,0.5239030528504213,0.5239030528504213,1.0,1.0
10045,15,20,50,25,10,20,3570.5,3820.5,3520.5,3320.5,3370.5,3720.5,3620.5,3520.5,3520.5,3370.5,3535.5,0.525,0.525,0.525,0.525
10045,15,20,50,25,10,21,3570.5,3820.5,3520.5,3320.5,3370.5,3720.5,3620.5,3520.5,3520.5,3370.5,3535.5,0.5571428571428572,0.5571428571428572,0.5850000000000001,0.5850000000000001
10045,15,20,50,25,10,22,3570.5,3820.5,3520.5,3320.5,3370.5,3720.5,3620.5,3520.5,3520.5,3370.5,3535.5,0.5227272727272727,0.5227272727272727,0.575,0.575
10045,15,20,50,25,10,23,3570.5,3820.5,3520.5,3320.5,3370.5,3720.5,3620.5,3520.5,3520.5,3370.5,3535.5,0.5347826086956522,0.5347826086956522,0.615,0.615
10045,15,20,50,25,10,24,3570.5,3820.5,3520.5,3320.5,3370.5,3720.5,3620.5,3520.5,3520.5,3370.5,3535.5,0.5375,0.5375,0.6449999999999999,0.6449999999999999
10045,15,20,50,25,10,25,3570.5,3820.5,3520.5,3320.5,3370.5,3720.5,3620.5,3520.5,3520.5,3370.5,3535.5,0.5360000000000001,0.5360000000000001,0.67,0.67
10045,15,20,50,25,10,26,3570.5,3820.5,3520.5,3320.5,3370.5,3720.5,3620.5,3520.5,3520.5,3370.5,3535.5,0.5346153846153845,0.5346153846153845,0.6950000000000001,0.6950000000000001
10045,15,20,50,25,10,27,3570.5,3820.5,3520.5,3320.5,3370.5,3720.5,3620.5,3520.5,3520.5,3370.5,3535.5,0.5222222222222221,0.5222222222222221,0.7050000000000001,0.7050000000000001
10045,15,20,50,25,10,28,3570.5,3820.5,3520.5,3320.5,3370.5,3720.5,3620.5,3520.5,3520.5,3370.5,3535.5,0.5107142857142857,0.5107142857142857,0.7150000000000001,0.7150000000000001
10045,15,20,50,25,10,29,3570.5,3820.5,3520.5,3320.5,3370.5,3720.5,3620.5,3520.5,3520.5,3370.5,3535.5,0.5206896551724138,0.5206896551724138,0.7550000000000001,0.7550000000000001
10070,2,20,50,50,10,20,0.0,0.0,0.0,0.0,0.0,0.4,4.5,0.0,0.4,0.0,0.53,0.6958996180353244,0.6958996180353244,1.0,1.0
10070,2,20,50,50,10,21,0.0,0.0,0.0,0.0,0.0,0.4,4.5,0.0,0.4,0.0,0.53,0.6629449388209122,0.6629449388209122,1.0,1.0
10070,2,20,50,50,10,22,0.0,0.0,0.0,0.0,0.0,0.4,4.5,0.0,0.4,0.0,0.53,0.645835018707655,0.645835018707655,1.0,1.0
10070,2,20,50,50,10,23,0.0,0.0,0.0,0.0,0.0,0.4,4.5,0.0,0.4,0.0,0.53,0.629938146762396,0.629938146762396,1.0,1.0
10070,2,20,50,50,10,24,0.0,0.0,0.0,0.0,0.0,0.4,4.5,0.0,0.4,0.0,0.53,0.6029316271963331,0.6029316271963331,1.0,1.0
10070,2,20,50,50,10,25,0.0,0.0,0.0,0.0,0.0,0.4,4.5,0.0,0.4,0.0,0.53,0.6035006817976457,0.6035006817976457,1.0,1.0
10070,2,20,50,50,10,26,0.0,0.0,0.0,0.0,0.0,0.4,4.5,0.0,0.4,0.0,0.53,0.5738836525601231,0.5738836525601231,1.0,1.0
10070,2,20,50,50,10,27,0.0,0.0,0.0,0.0,0.0,0.4,4.5,0.0,0.4,0.0,0.53,0.5645705172020961,0.5645705172020961,1.0,1.0
10070,2,20,50,50,10,28,0.0,0.0,0.0,0.0,0.0,0.4,4.5,0.0,0.4,0.0,0.53,0.5383838146996041,0.5383838146996041,1.0,1.0
10070,2,20,50,50,10,29,0.0,0.0,0.0,0.0,0.0,0.4,4.5,0.0,0.4,0.0,0.53,0.5361077830118078,0.5361077830118078,1.0,1.0
10070,15,20,50,50,10,20,3595.5,5195.5,5145.5,3595.5,3895.5,4995.5,4895.5,4195.5,6045.5,4545.5,4610.5,0.4800000000000001,0.4800000000000001,0.4800000000000001,0.4800000000000001
10070,15,20,50,50,10,21,3595.5,5195.5,5145.5,3595.5,3895.5,4995.5,4895.5,4195.5,6045.5,4545.5,4610.5,0.4666666666666666,0.4666666666666666,0.49000000000000005,0.49000000000000005
10070,15,20,50,50,10,22,3595.5,5195.5,5145.5,3595.5,3895.5,4995.5,4895.5,4195.5,6045.5,4545.5,4610.5,0.4409090909090909,0.4409090909090909,0.485,0.485
10070,15,20,50,50,10,23,3595.5,5195.5,5145.5,3595.5,3895.5,4995.5,4895.5,4195.5,6045.5,4545.5,4610.5,0.4391304347826087,0.4391304347826087,0.505,0.505
10070,15,20,50,50,10,24,3595.5,5195.5,5145.5,3595.5,3895.5,4995.5,4895.5,4195.5,6045.5,4545.5,4610.5,0.45833333333333337,0.45833333333333337,0.55,0.55
10070,15,20,50,50,10,25,3595.5,5195.5,5145.5,3595.5,3895.5,4995.5,4895.5,4195.5,6045.5,4545.5,4610.5,0.44800000000000006,0.44800000000000006,0.56,0.56
10070,15,20,50,50,10,26,3595.5,5195.5,5145.5,3595.5,3895.5,4995.5,4895.5,4195.5,6045.5,4545.5,4610.5,0.44230769230769235,0.44230769230769235,0.575,0.575
10070,15,20,50,50,10,27,3595.5,5195.5,5145.5,3595.5,3895.5,4995.5,4895.5,4195.5,6045.5,4545.5,4610.5,0.44074074074074077,0.44074074074074077,0.595,0.595
10070,15,20,50,50,10,28,3595.5,5195.5,5145.5,3595.5,3895.5,4995.5,4895.5,4195.5,6045.5,4545.5,4610.5,0.4214285714285714,0.4214285714285714,0.59,0.59
10070,15,20,50,50,10,29,3595.5,5195.5,5145.5,3595.5,3895.5,4995.5,4895.5,4195.5,6045.5,4545.5,4610.5,0.41724137931034483,0.41724137931034483,0.6050000000000001,0.6050000000000001
10120,2,20,50,100,10,20,0.7,0.0,0.8,3.8,0.0,0.1,0.0,0.0,0.0,0.0,0.5399999999999999,0.6934524545203077,0.6934524545203077,1.0,1.0
10120,2,20,50,100,10,21,0.7,0.0,0.8,3.8,0.0,0.1,0.0,0.0,0.0,0.0,0.5399999999999999,0.655344923893311,0.655344923893311,1.0,1.0
10120,2,20,50,100,10,22,0.7,0.0,0.8,3.8,0.0,0.1,0.0,0.0,0.0,0.0,0.5399999999999999,0.6347853364219589,0.6347853364219589,1.0,1.0
10120,2,20,50,100,10,23,0.7,0.0,0.8,3.8,0.0,0.1,0.0,0.0,0.0,0.0,0.5399999999999999,0.6243483219289672,0.6243483219289672,1.0,1.0
10120,2,20,50,100,10,24,0.7,0.0,0.8,3.8,0.0,0.1,0.0,0.0,0.0,0.0,0.5399999999999999,0.5853843052372463,0.5853843052372463,1.0,1.0
10120,2,20,50,100,10,25,0.7,0.0,0.8,3.8,0.0,0.1,0.0,0.0,0.0,0.0,0.5399999999999999,0.5802404295051353,0.5802404295051353,1.0,1.0
10120,2,20,50,100,10,26,0.7,0.0,0.8,3.8,0.0,0.1,0.0,0.0,0.0,0.0,0.5399999999999999,0.5726451432333785,0.5726451432333785,1.0,1.0
10120,2,20,50,100,10,27,0.7,0.0,0.8,3.8,0.0,0.1,0.0,0.0,0.0,0.0,0.5399999999999999,0.5441832231305914,0.5441832231305914,1.0,1.0
10120,2,20,50,100,10,28,0.7,0.0,0.8,3.8,0.0,0.1,0.0,0.0,0.0,0.0,0.5399999999999999,0.5298428851060429,0.5298428851060429,1.0,1.0
10120,2,20,50,100,10,29,0.7,0.0,0.8,3.8,0.0,0.1,0.0,0.0,0.0,0.0,0.5399999999999999,0.5186514449672344,0.5186514449672344,1.0,1.0
